

Started GET "/assets/rails.png" for 127.0.0.1 at 2012-10-31 21:43:09 +0900
Connecting to database specified by database.yml
Served asset /rails.png - 200 OK (18ms)


Started GET "/assets/rails.png" for 127.0.0.1 at 2012-11-01 01:42:18 +0900
Connecting to database specified by database.yml
Served asset /rails.png - 304 Not Modified (3ms)


Started GET "/oauth/get" for 127.0.0.1 at 2012-11-01 01:43:14 +0900
Processing by OauthController#get as HTML
  Rendered oauth/get.html.erb within layouts/application (2.3ms)
Compiled oauth.css  (10ms)  (pid 38694)
Compiled application.css  (36ms)  (pid 38694)
Compiled jquery.js  (4ms)  (pid 38694)
Compiled jquery_ujs.js  (0ms)  (pid 38694)
Compiled oauth.js  (258ms)  (pid 38694)
Compiled application.js  (323ms)  (pid 38694)
Completed 200 OK in 461ms (Views: 460.8ms | ActiveRecord: 0.0ms)


Started GET "/assets/oauth.css?body=1" for 127.0.0.1 at 2012-11-01 01:43:14 +0900
Served asset /oauth.css - 200 OK (3ms)


Started GET "/assets/oauth.js?body=1" for 127.0.0.1 at 2012-11-01 01:43:14 +0900
Served asset /oauth.js - 200 OK (3ms)


Started GET "/assets/jquery.js?body=1" for 127.0.0.1 at 2012-11-01 01:43:14 +0900
Served asset /jquery.js - 200 OK (2ms)


Started GET "/assets/application.css?body=1" for 127.0.0.1 at 2012-11-01 01:43:14 +0900
Served asset /application.css - 200 OK (4ms)


Started GET "/assets/application.js?body=1" for 127.0.0.1 at 2012-11-01 01:43:14 +0900
Served asset /application.js - 200 OK (31ms)


Started GET "/assets/jquery_ujs.js?body=1" for 127.0.0.1 at 2012-11-01 01:43:14 +0900
Served asset /jquery_ujs.js - 200 OK (2ms)


Started GET "/oauth/get" for 127.0.0.1 at 2012-11-01 01:45:31 +0900
Processing by OauthController#get as HTML
  Rendered oauth/get.html.erb within layouts/application (0.0ms)
Completed 200 OK in 5ms (Views: 4.3ms | ActiveRecord: 0.0ms)


Started GET "/assets/oauth.css?body=1" for 127.0.0.1 at 2012-11-01 01:45:31 +0900
Served asset /oauth.css - 304 Not Modified (0ms)


Started GET "/assets/application.css?body=1" for 127.0.0.1 at 2012-11-01 01:45:31 +0900
Served asset /application.css - 304 Not Modified (0ms)


Started GET "/assets/jquery.js?body=1" for 127.0.0.1 at 2012-11-01 01:45:31 +0900
Served asset /jquery.js - 304 Not Modified (0ms)


Started GET "/assets/application.js?body=1" for 127.0.0.1 at 2012-11-01 01:45:31 +0900
Served asset /application.js - 304 Not Modified (0ms)


Started GET "/assets/jquery_ujs.js?body=1" for 127.0.0.1 at 2012-11-01 01:45:31 +0900
Served asset /jquery_ujs.js - 304 Not Modified (0ms)


Started GET "/assets/oauth.js?body=1" for 127.0.0.1 at 2012-11-01 01:45:31 +0900
Served asset /oauth.js - 304 Not Modified (0ms)


Started GET "/oauth/get" for 127.0.0.1 at 2012-11-01 01:45:34 +0900
Processing by OauthController#get as HTML
  Rendered oauth/get.html.erb within layouts/application (0.0ms)
Completed 200 OK in 5ms (Views: 4.4ms | ActiveRecord: 0.0ms)


Started GET "/assets/oauth.css?body=1" for 127.0.0.1 at 2012-11-01 01:45:35 +0900
Served asset /oauth.css - 304 Not Modified (0ms)


Started GET "/assets/application.css?body=1" for 127.0.0.1 at 2012-11-01 01:45:35 +0900
Served asset /application.css - 304 Not Modified (0ms)


Started GET "/assets/jquery.js?body=1" for 127.0.0.1 at 2012-11-01 01:45:35 +0900
Served asset /jquery.js - 304 Not Modified (0ms)


Started GET "/assets/jquery_ujs.js?body=1" for 127.0.0.1 at 2012-11-01 01:45:35 +0900
Served asset /jquery_ujs.js - 304 Not Modified (0ms)


Started GET "/assets/oauth.js?body=1" for 127.0.0.1 at 2012-11-01 01:45:35 +0900
Served asset /oauth.js - 304 Not Modified (0ms)


Started GET "/assets/application.js?body=1" for 127.0.0.1 at 2012-11-01 01:45:35 +0900
Served asset /application.js - 304 Not Modified (0ms)


Started GET "/oauth/get" for 127.0.0.1 at 2012-11-01 01:50:55 +0900
Processing by OauthController#get as HTML
  Rendered oauth/get.html.erb within layouts/application (0.0ms)
Completed 200 OK in 4ms (Views: 4.0ms | ActiveRecord: 0.0ms)


Started GET "/assets/application.css?body=1" for 127.0.0.1 at 2012-11-01 01:50:55 +0900
Served asset /application.css - 304 Not Modified (0ms)


Started GET "/assets/oauth.css?body=1" for 127.0.0.1 at 2012-11-01 01:50:55 +0900
Served asset /oauth.css - 304 Not Modified (0ms)


Started GET "/assets/oauth.js?body=1" for 127.0.0.1 at 2012-11-01 01:50:55 +0900
Served asset /oauth.js - 304 Not Modified (0ms)


Started GET "/assets/jquery_ujs.js?body=1" for 127.0.0.1 at 2012-11-01 01:50:55 +0900
Served asset /jquery_ujs.js - 304 Not Modified (0ms)


Started GET "/assets/jquery.js?body=1" for 127.0.0.1 at 2012-11-01 01:50:55 +0900
Served asset /jquery.js - 304 Not Modified (0ms)


Started GET "/assets/application.js?body=1" for 127.0.0.1 at 2012-11-01 01:50:55 +0900
Served asset /application.js - 304 Not Modified (0ms)


Started GET "/oauth/get" for 127.0.0.1 at 2012-11-01 01:50:57 +0900
Processing by OauthController#get as HTML
  Rendered oauth/get.html.erb within layouts/application (0.0ms)
Completed 200 OK in 4ms (Views: 4.2ms | ActiveRecord: 0.0ms)


Started GET "/assets/application.css?body=1" for 127.0.0.1 at 2012-11-01 01:50:57 +0900
Served asset /application.css - 304 Not Modified (0ms)


Started GET "/assets/oauth.css?body=1" for 127.0.0.1 at 2012-11-01 01:50:57 +0900
Served asset /oauth.css - 304 Not Modified (0ms)


Started GET "/assets/jquery_ujs.js?body=1" for 127.0.0.1 at 2012-11-01 01:50:57 +0900
Served asset /jquery_ujs.js - 304 Not Modified (0ms)


Started GET "/assets/oauth.js?body=1" for 127.0.0.1 at 2012-11-01 01:50:57 +0900
Served asset /oauth.js - 304 Not Modified (0ms)


Started GET "/assets/application.js?body=1" for 127.0.0.1 at 2012-11-01 01:50:57 +0900
Served asset /application.js - 304 Not Modified (0ms)


Started GET "/assets/jquery.js?body=1" for 127.0.0.1 at 2012-11-01 01:50:57 +0900
Served asset /jquery.js - 304 Not Modified (0ms)


Started GET "/oauth/get" for 127.0.0.1 at 2012-11-01 01:51:01 +0900
Processing by OauthController#get as HTML
  Rendered oauth/get.html.erb within layouts/application (0.0ms)
Completed 200 OK in 4ms (Views: 4.3ms | ActiveRecord: 0.0ms)


Started GET "/assets/jquery_ujs.js?body=1" for 127.0.0.1 at 2012-11-01 01:51:01 +0900
Served asset /jquery_ujs.js - 304 Not Modified (0ms)


Started GET "/assets/application.css?body=1" for 127.0.0.1 at 2012-11-01 01:51:01 +0900
Served asset /application.css - 304 Not Modified (0ms)


Started GET "/assets/oauth.css?body=1" for 127.0.0.1 at 2012-11-01 01:51:01 +0900
Served asset /oauth.css - 304 Not Modified (0ms)


Started GET "/assets/oauth.js?body=1" for 127.0.0.1 at 2012-11-01 01:51:01 +0900
Served asset /oauth.js - 304 Not Modified (0ms)


Started GET "/assets/jquery.js?body=1" for 127.0.0.1 at 2012-11-01 01:51:01 +0900
Served asset /jquery.js - 304 Not Modified (0ms)


Started GET "/assets/application.js?body=1" for 127.0.0.1 at 2012-11-01 01:51:01 +0900
Served asset /application.js - 304 Not Modified (0ms)


Started GET "/oauth/get" for 127.0.0.1 at 2012-11-01 01:51:27 +0900
Processing by OauthController#get as HTML
https://www.google.com/accounts/AuthSubRequest?scope=https%3A%2F%2Fwww.google.com%2Fcalendar%2Ffeeds%2F&next=http%3A%2F%2Fwww.example.com%2Fresponce&session=1
  Rendered oauth/get.html.erb within layouts/application (0.0ms)
Completed 200 OK in 7ms (Views: 6.2ms | ActiveRecord: 0.0ms)


Started GET "/assets/application.css?body=1" for 127.0.0.1 at 2012-11-01 01:51:27 +0900
Served asset /application.css - 304 Not Modified (0ms)


Started GET "/assets/jquery.js?body=1" for 127.0.0.1 at 2012-11-01 01:51:27 +0900
Served asset /jquery.js - 304 Not Modified (0ms)


Started GET "/assets/oauth.css?body=1" for 127.0.0.1 at 2012-11-01 01:51:27 +0900
Served asset /oauth.css - 304 Not Modified (0ms)


Started GET "/assets/jquery_ujs.js?body=1" for 127.0.0.1 at 2012-11-01 01:51:27 +0900
Served asset /jquery_ujs.js - 304 Not Modified (0ms)


Started GET "/assets/oauth.js?body=1" for 127.0.0.1 at 2012-11-01 01:51:27 +0900
Served asset /oauth.js - 304 Not Modified (0ms)


Started GET "/assets/application.js?body=1" for 127.0.0.1 at 2012-11-01 01:51:27 +0900
Served asset /application.js - 304 Not Modified (0ms)


Started GET "/oauth/get" for 127.0.0.1 at 2012-11-01 01:52:15 +0900
Processing by OauthController#get as HTML
https://www.google.com/accounts/AuthSubRequest?scope=https%3A%2F%2Fwww.google.com%2Fcalendar%2Ffeeds%2F&next=http%3A%2F%2Fwww.example.com%2Fresponce&session=1
Redirected to https://www.google.com/accounts/AuthSubRequest?scope=https%3A%2F%2Fwww.google.com%2Fcalendar%2Ffeeds%2F&next=http%3A%2F%2Fwww.example.com%2Fresponce&session=1
Completed 302 Found in 1ms (ActiveRecord: 0.0ms)


Started GET "/oauth/request" for 127.0.0.1 at 2012-11-01 01:57:52 +0900

ActionController::RoutingError (No route matches [GET] "/oauth/request"):
  actionpack (3.2.6) lib/action_dispatch/middleware/debug_exceptions.rb:21:in `call'
  actionpack (3.2.6) lib/action_dispatch/middleware/show_exceptions.rb:56:in `call'
  railties (3.2.6) lib/rails/rack/logger.rb:26:in `call_app'
  railties (3.2.6) lib/rails/rack/logger.rb:16:in `call'
  actionpack (3.2.6) lib/action_dispatch/middleware/request_id.rb:22:in `call'
  rack (1.4.1) lib/rack/methodoverride.rb:21:in `call'
  rack (1.4.1) lib/rack/runtime.rb:17:in `call'
  activesupport (3.2.6) lib/active_support/cache/strategy/local_cache.rb:72:in `call'
  rack (1.4.1) lib/rack/lock.rb:15:in `call'
  actionpack (3.2.6) lib/action_dispatch/middleware/static.rb:62:in `call'
  railties (3.2.6) lib/rails/engine.rb:479:in `call'
  railties (3.2.6) lib/rails/application.rb:220:in `call'
  rack (1.4.1) lib/rack/content_length.rb:14:in `call'
  railties (3.2.6) lib/rails/rack/log_tailer.rb:17:in `call'
  rack (1.4.1) lib/rack/handler/webrick.rb:59:in `service'
  /opt/local/lib/ruby1.9/1.9.1/webrick/httpserver.rb:138:in `service'
  /opt/local/lib/ruby1.9/1.9.1/webrick/httpserver.rb:94:in `run'
  /opt/local/lib/ruby1.9/1.9.1/webrick/server.rb:191:in `block in start_thread'


  Rendered /usr/local/rvm/gems/ruby-1.9.3-p125/gems/actionpack-3.2.6/lib/action_dispatch/middleware/templates/rescues/routing_error.erb within rescues/layout (0.7ms)


Started GET "/assets/rails.png" for 127.0.0.1 at 2012-11-01 01:58:01 +0900
Served asset /rails.png - 304 Not Modified (0ms)


Started GET "/oauth/get" for 127.0.0.1 at 2012-11-01 01:58:09 +0900
Processing by OauthController#get as HTML
Redirected to https://www.google.com/accounts/AuthSubRequest?scope=https%3A%2F%2Fwww.google.com%2Fcalendar%2Ffeeds%2F&next=http%3A%2F%2Fwww.example.com%2Fresponce&session=1
Completed 302 Found in 0ms (ActiveRecord: 0.0ms)


Started GET "/assets/rails.png" for 127.0.0.1 at 2012-11-01 01:59:27 +0900
Served asset /rails.png - 304 Not Modified (0ms)


Started GET "/assets/rails.png" for 127.0.0.1 at 2012-11-01 01:59:29 +0900
Served asset /rails.png - 304 Not Modified (0ms)


Started GET "/oauth/get" for 127.0.0.1 at 2012-11-01 01:59:36 +0900
Processing by OauthController#get as HTML
Redirected to https://www.google.com/accounts/AuthSubRequest?scope=https%3A%2F%2Fwww.google.com%2Fcalendar%2Ffeeds%2F&next=http%3A%2F%2Flocalhost%3A3000%2Foauth%2Fcallback&session=1
Completed 302 Found in 1ms (ActiveRecord: 0.0ms)


Started GET "/oauth/callback?token=1%2FI3zmXpIgTUEbp3BKRg2MD6HzH3qHR9wz28_qTYRQ6m8" for 127.0.0.1 at 2012-11-01 01:59:54 +0900
Processing by OauthController#callback as HTML
  Parameters: {"token"=>"1/I3zmXpIgTUEbp3BKRg2MD6HzH3qHR9wz28_qTYRQ6m8"}
かえってきたーー
  Rendered oauth/callback.html.erb within layouts/application (0.3ms)
Completed 200 OK in 6ms (Views: 5.2ms | ActiveRecord: 0.0ms)


Started GET "/assets/application.css?body=1" for 127.0.0.1 at 2012-11-01 01:59:54 +0900
Served asset /application.css - 304 Not Modified (0ms)


Started GET "/assets/jquery_ujs.js?body=1" for 127.0.0.1 at 2012-11-01 01:59:54 +0900
Served asset /jquery_ujs.js - 304 Not Modified (0ms)


Started GET "/assets/oauth.css?body=1" for 127.0.0.1 at 2012-11-01 01:59:54 +0900
Served asset /oauth.css - 304 Not Modified (0ms)


Started GET "/assets/jquery.js?body=1" for 127.0.0.1 at 2012-11-01 01:59:54 +0900
Served asset /jquery.js - 304 Not Modified (0ms)


Started GET "/assets/oauth.js?body=1" for 127.0.0.1 at 2012-11-01 01:59:54 +0900
Served asset /oauth.js - 304 Not Modified (0ms)


Started GET "/assets/application.js?body=1" for 127.0.0.1 at 2012-11-01 01:59:54 +0900
Served asset /application.js - 304 Not Modified (0ms)


Started GET "/assets/rails.png" for 127.0.0.1 at 2012-11-01 02:27:37 +0900
Served asset /rails.png - 200 OK (0ms)


Started GET "/oauth/get" for 127.0.0.1 at 2012-11-01 02:27:50 +0900
Processing by OauthController#get as HTML
Redirected to https://www.google.com/accounts/AuthSubRequest?scope=https%3A%2F%2Fwww.google.com%2Fcalendar%2Ffeeds%2F&next=http%3A%2F%2Flocalhost%3A3000%2Foauth%2Fcallback&session=1
Completed 302 Found in 1ms (ActiveRecord: 0.0ms)


Started GET "/oauth/callback?token=1%2FGEe0uwuGT7c9B_FBQ4puucfDf_xrLErY1Hdep4qcLyg" for 127.0.0.1 at 2012-11-01 02:28:11 +0900
Processing by OauthController#callback as HTML
  Parameters: {"token"=>"1/GEe0uwuGT7c9B_FBQ4puucfDf_xrLErY1Hdep4qcLyg"}
かえってきたーー
  Rendered oauth/callback.html.erb within layouts/application (0.0ms)
Completed 200 OK in 5ms (Views: 4.3ms | ActiveRecord: 0.0ms)


Started GET "/assets/application.css?body=1" for 127.0.0.1 at 2012-11-01 02:28:11 +0900
Served asset /application.css - 304 Not Modified (0ms)


Started GET "/assets/jquery.js?body=1" for 127.0.0.1 at 2012-11-01 02:28:11 +0900
Served asset /jquery.js - 304 Not Modified (0ms)


Started GET "/assets/oauth.css?body=1" for 127.0.0.1 at 2012-11-01 02:28:11 +0900
Served asset /oauth.css - 304 Not Modified (0ms)


Started GET "/assets/oauth.js?body=1" for 127.0.0.1 at 2012-11-01 02:28:11 +0900
Served asset /oauth.js - 304 Not Modified (0ms)


Started GET "/assets/jquery_ujs.js?body=1" for 127.0.0.1 at 2012-11-01 02:28:11 +0900
Served asset /jquery_ujs.js - 304 Not Modified (0ms)


Started GET "/assets/application.js?body=1" for 127.0.0.1 at 2012-11-01 02:28:11 +0900
Served asset /application.js - 304 Not Modified (0ms)


Started GET "/oauth/callback?token=1%2FGEe0uwuGT7c9B_FBQ4puucfDf_xrLErY1Hdep4qcLyg" for 127.0.0.1 at 2012-11-01 02:37:23 +0900
Processing by OauthController#callback as HTML
  Parameters: {"token"=>"1/GEe0uwuGT7c9B_FBQ4puucfDf_xrLErY1Hdep4qcLyg"}
1/GEe0uwuGT7c9B_FBQ4puucfDf_xrLErY1Hdep4qcLyg
  Rendered oauth/callback.html.erb within layouts/application (0.0ms)
Completed 200 OK in 4ms (Views: 4.1ms | ActiveRecord: 0.0ms)


Started GET "/assets/application.css?body=1" for 127.0.0.1 at 2012-11-01 02:37:23 +0900
Served asset /application.css - 304 Not Modified (0ms)


Started GET "/assets/oauth.css?body=1" for 127.0.0.1 at 2012-11-01 02:37:23 +0900
Served asset /oauth.css - 304 Not Modified (0ms)


Started GET "/assets/jquery.js?body=1" for 127.0.0.1 at 2012-11-01 02:37:23 +0900
Served asset /jquery.js - 304 Not Modified (0ms)


Started GET "/assets/oauth.js?body=1" for 127.0.0.1 at 2012-11-01 02:37:23 +0900
Served asset /oauth.js - 304 Not Modified (0ms)


Started GET "/assets/application.js?body=1" for 127.0.0.1 at 2012-11-01 02:37:23 +0900
Served asset /application.js - 304 Not Modified (0ms)


Started GET "/assets/jquery_ujs.js?body=1" for 127.0.0.1 at 2012-11-01 02:37:23 +0900
Served asset /jquery_ujs.js - 304 Not Modified (0ms)


Started GET "/oauth/callback?token=1%2FGEe0uwuGT7c9B_FBQ4puucfDf_xrLErY1Hdep4qcLyg" for 127.0.0.1 at 2012-11-01 02:38:36 +0900
Processing by OauthController#callback as HTML
  Parameters: {"token"=>"1/GEe0uwuGT7c9B_FBQ4puucfDf_xrLErY1Hdep4qcLyg"}
#<GoogleAuthSub:0x007fa4248fa280>
  Rendered oauth/callback.html.erb within layouts/application (0.0ms)
Completed 200 OK in 5ms (Views: 4.2ms | ActiveRecord: 0.0ms)


Started GET "/assets/application.css?body=1" for 127.0.0.1 at 2012-11-01 02:38:36 +0900
Served asset /application.css - 304 Not Modified (0ms)


Started GET "/assets/oauth.css?body=1" for 127.0.0.1 at 2012-11-01 02:38:36 +0900
Served asset /oauth.css - 304 Not Modified (0ms)


Started GET "/assets/jquery_ujs.js?body=1" for 127.0.0.1 at 2012-11-01 02:38:36 +0900
Served asset /jquery_ujs.js - 304 Not Modified (0ms)


Started GET "/assets/jquery.js?body=1" for 127.0.0.1 at 2012-11-01 02:38:36 +0900
Served asset /jquery.js - 304 Not Modified (0ms)


Started GET "/assets/oauth.js?body=1" for 127.0.0.1 at 2012-11-01 02:38:36 +0900
Served asset /oauth.js - 304 Not Modified (0ms)


Started GET "/assets/application.js?body=1" for 127.0.0.1 at 2012-11-01 02:38:36 +0900
Served asset /application.js - 304 Not Modified (0ms)


Started GET "/oauth/callback?token=1%2FGEe0uwuGT7c9B_FBQ4puucfDf_xrLErY1Hdep4qcLyg" for 127.0.0.1 at 2012-11-01 02:39:44 +0900
Processing by OauthController#callback as HTML
  Parameters: {"token"=>"1/GEe0uwuGT7c9B_FBQ4puucfDf_xrLErY1Hdep4qcLyg"}
Completed 500 Internal Server Error in 2763ms

OpenSSL::SSL::SSLError (SSL_connect returned=1 errno=0 state=SSLv3 read server certificate B: certificate verify failed):
  app/controllers/libraries/google_auth_sub.rb:106:in `block in googleHttpGet'
  app/controllers/libraries/google_auth_sub.rb:89:in `times'
  app/controllers/libraries/google_auth_sub.rb:89:in `googleHttpGet'
  app/controllers/libraries/google_auth_sub.rb:46:in `getSessionToken'
  app/controllers/oauth_controller.rb:26:in `callback'


  Rendered /usr/local/rvm/gems/ruby-1.9.3-p125/gems/actionpack-3.2.6/lib/action_dispatch/middleware/templates/rescues/_trace.erb (2.6ms)
  Rendered /usr/local/rvm/gems/ruby-1.9.3-p125/gems/actionpack-3.2.6/lib/action_dispatch/middleware/templates/rescues/_request_and_response.erb (1.1ms)
  Rendered /usr/local/rvm/gems/ruby-1.9.3-p125/gems/actionpack-3.2.6/lib/action_dispatch/middleware/templates/rescues/diagnostics.erb within rescues/layout (11.7ms)


Started GET "/oauth/callback?token=1%2FGEe0uwuGT7c9B_FBQ4puucfDf_xrLErY1Hdep4qcLyg" for 127.0.0.1 at 2012-11-01 02:39:50 +0900
Processing by OauthController#callback as HTML
  Parameters: {"token"=>"1/GEe0uwuGT7c9B_FBQ4puucfDf_xrLErY1Hdep4qcLyg"}
Completed 500 Internal Server Error in 350ms

OpenSSL::SSL::SSLError (SSL_connect returned=1 errno=0 state=SSLv3 read server certificate B: certificate verify failed):
  app/controllers/libraries/google_auth_sub.rb:106:in `block in googleHttpGet'
  app/controllers/libraries/google_auth_sub.rb:89:in `times'
  app/controllers/libraries/google_auth_sub.rb:89:in `googleHttpGet'
  app/controllers/libraries/google_auth_sub.rb:46:in `getSessionToken'
  app/controllers/oauth_controller.rb:26:in `callback'


  Rendered /usr/local/rvm/gems/ruby-1.9.3-p125/gems/actionpack-3.2.6/lib/action_dispatch/middleware/templates/rescues/_trace.erb (2.7ms)
  Rendered /usr/local/rvm/gems/ruby-1.9.3-p125/gems/actionpack-3.2.6/lib/action_dispatch/middleware/templates/rescues/_request_and_response.erb (0.9ms)
  Rendered /usr/local/rvm/gems/ruby-1.9.3-p125/gems/actionpack-3.2.6/lib/action_dispatch/middleware/templates/rescues/diagnostics.erb within rescues/layout (9.6ms)


Started GET "/oauth/callback?token=1%2FypowsvknGCMVzXN8Cm1J-7y62HhlK7GwdJBU2qVUps0" for 127.0.0.1 at 2012-11-01 02:40:19 +0900
Processing by OauthController#callback as HTML
  Parameters: {"token"=>"1/ypowsvknGCMVzXN8Cm1J-7y62HhlK7GwdJBU2qVUps0"}
1/aQFRDcTCEeH-4xt-iNZIu_fQf7m30qZx7QCp5reczrU
  Rendered oauth/callback.html.erb within layouts/application (0.1ms)
Completed 200 OK in 1239ms (Views: 31.7ms | ActiveRecord: 0.0ms)


Started GET "/assets/application.css?body=1" for 127.0.0.1 at 2012-11-01 02:40:21 +0900
Served asset /application.css - 304 Not Modified (0ms)


Started GET "/assets/oauth.css?body=1" for 127.0.0.1 at 2012-11-01 02:40:21 +0900
Served asset /oauth.css - 304 Not Modified (0ms)


Started GET "/assets/jquery.js?body=1" for 127.0.0.1 at 2012-11-01 02:40:21 +0900
Served asset /jquery.js - 304 Not Modified (0ms)


Started GET "/assets/oauth.js?body=1" for 127.0.0.1 at 2012-11-01 02:40:21 +0900
Served asset /oauth.js - 304 Not Modified (0ms)


Started GET "/assets/application.js?body=1" for 127.0.0.1 at 2012-11-01 02:40:21 +0900
Served asset /application.js - 304 Not Modified (0ms)


Started GET "/assets/jquery_ujs.js?body=1" for 127.0.0.1 at 2012-11-01 02:40:21 +0900
Served asset /jquery_ujs.js - 304 Not Modified (0ms)


Started GET "/oauth/callback?token=1%2FypowsvknGCMVzXN8Cm1J-7y62HhlK7GwdJBU2qVUps0" for 127.0.0.1 at 2012-11-01 02:41:20 +0900
Processing by OauthController#callback as HTML
  Parameters: {"token"=>"1/ypowsvknGCMVzXN8Cm1J-7y62HhlK7GwdJBU2qVUps0"}
#<Net::HTTPUnauthorized:0x007fa428180528>
  Rendered oauth/callback.html.erb within layouts/application (0.0ms)
Completed 200 OK in 4483ms (Views: 5.9ms | ActiveRecord: 0.0ms)


Started GET "/assets/application.css?body=1" for 127.0.0.1 at 2012-11-01 02:41:24 +0900
Served asset /application.css - 304 Not Modified (0ms)


Started GET "/assets/oauth.css?body=1" for 127.0.0.1 at 2012-11-01 02:41:25 +0900
Served asset /oauth.css - 304 Not Modified (0ms)


Started GET "/assets/jquery.js?body=1" for 127.0.0.1 at 2012-11-01 02:41:25 +0900
Served asset /jquery.js - 304 Not Modified (0ms)


Started GET "/assets/jquery_ujs.js?body=1" for 127.0.0.1 at 2012-11-01 02:41:25 +0900
Served asset /jquery_ujs.js - 304 Not Modified (0ms)


Started GET "/assets/oauth.js?body=1" for 127.0.0.1 at 2012-11-01 02:41:25 +0900
Served asset /oauth.js - 304 Not Modified (0ms)


Started GET "/assets/application.js?body=1" for 127.0.0.1 at 2012-11-01 02:41:25 +0900
Served asset /application.js - 304 Not Modified (0ms)


Started GET "/oauth/callback?token=1%2FypowsvknGCMVzXN8Cm1J-7y62HhlK7GwdJBU2qVUps0" for 127.0.0.1 at 2012-11-01 02:44:02 +0900
Processing by OauthController#callback as HTML
  Parameters: {"token"=>"1/ypowsvknGCMVzXN8Cm1J-7y62HhlK7GwdJBU2qVUps0"}
#<Net::HTTPUnauthorized 401 Unknown authorization header readbody=true>
  Rendered oauth/callback.html.erb within layouts/application (0.0ms)
Completed 200 OK in 1815ms (Views: 4.6ms | ActiveRecord: 0.0ms)


Started GET "/assets/application.css?body=1" for 127.0.0.1 at 2012-11-01 02:44:03 +0900
Served asset /application.css - 304 Not Modified (0ms)


Started GET "/assets/jquery_ujs.js?body=1" for 127.0.0.1 at 2012-11-01 02:44:03 +0900
Served asset /jquery_ujs.js - 304 Not Modified (0ms)


Started GET "/assets/oauth.css?body=1" for 127.0.0.1 at 2012-11-01 02:44:03 +0900
Served asset /oauth.css - 304 Not Modified (0ms)


Started GET "/assets/jquery.js?body=1" for 127.0.0.1 at 2012-11-01 02:44:03 +0900
Served asset /jquery.js - 304 Not Modified (0ms)


Started GET "/assets/oauth.js?body=1" for 127.0.0.1 at 2012-11-01 02:44:03 +0900
Served asset /oauth.js - 304 Not Modified (0ms)


Started GET "/assets/application.js?body=1" for 127.0.0.1 at 2012-11-01 02:44:03 +0900
Served asset /application.js - 304 Not Modified (0ms)


Started GET "/oauth/get" for 127.0.0.1 at 2012-11-01 02:44:40 +0900
Processing by OauthController#get as HTML
Redirected to https://www.google.com/accounts/AuthSubRequest?scope=https%3A%2F%2Fwww.google.com%2Fcalendar%2Ffeeds%2F&next=http%3A%2F%2Flocalhost%3A3000%2Foauth%2Fcallback&session=1
Completed 302 Found in 0ms (ActiveRecord: 0.0ms)


Started GET "/oauth/callback?token=1%2F9_LdiI2vgSG360glrJopjEmbtcFlV0MQqXurjxaNy4E" for 127.0.0.1 at 2012-11-01 02:44:51 +0900
Processing by OauthController#callback as HTML
  Parameters: {"token"=>"1/9_LdiI2vgSG360glrJopjEmbtcFlV0MQqXurjxaNy4E"}
#<Net::HTTPOK 200 OK readbody=true>
  Rendered oauth/callback.html.erb within layouts/application (0.0ms)
Completed 200 OK in 4476ms (Views: 7.0ms | ActiveRecord: 0.0ms)


Started GET "/assets/application.css?body=1" for 127.0.0.1 at 2012-11-01 02:44:55 +0900
Served asset /application.css - 304 Not Modified (0ms)


Started GET "/assets/oauth.css?body=1" for 127.0.0.1 at 2012-11-01 02:44:55 +0900
Served asset /oauth.css - 304 Not Modified (0ms)


Started GET "/assets/jquery.js?body=1" for 127.0.0.1 at 2012-11-01 02:44:55 +0900
Served asset /jquery.js - 304 Not Modified (0ms)


Started GET "/assets/jquery_ujs.js?body=1" for 127.0.0.1 at 2012-11-01 02:44:55 +0900
Served asset /jquery_ujs.js - 304 Not Modified (0ms)


Started GET "/assets/application.js?body=1" for 127.0.0.1 at 2012-11-01 02:44:55 +0900
Served asset /application.js - 304 Not Modified (0ms)


Started GET "/assets/oauth.js?body=1" for 127.0.0.1 at 2012-11-01 02:44:55 +0900
Served asset /oauth.js - 304 Not Modified (0ms)


Started GET "/oauth/callback?token=1%2F9_LdiI2vgSG360glrJopjEmbtcFlV0MQqXurjxaNy4E" for 127.0.0.1 at 2012-11-01 02:47:14 +0900

SyntaxError (/Users/MAIN/Desktop/Rails/GoogleCalendarEventApp/app/controllers/oauth_controller.rb:29: syntax error, unexpected tIVAR
    logger.debug(res.@value)
                           ^):
  activesupport (3.2.6) lib/active_support/dependencies.rb:469:in `load'
  activesupport (3.2.6) lib/active_support/dependencies.rb:469:in `block in load_file'
  activesupport (3.2.6) lib/active_support/dependencies.rb:639:in `new_constants_in'
  activesupport (3.2.6) lib/active_support/dependencies.rb:468:in `load_file'
  activesupport (3.2.6) lib/active_support/dependencies.rb:353:in `require_or_load'
  activesupport (3.2.6) lib/active_support/dependencies.rb:502:in `load_missing_constant'
  activesupport (3.2.6) lib/active_support/dependencies.rb:192:in `block in const_missing'
  activesupport (3.2.6) lib/active_support/dependencies.rb:190:in `each'
  activesupport (3.2.6) lib/active_support/dependencies.rb:190:in `const_missing'
  activesupport (3.2.6) lib/active_support/inflector/methods.rb:229:in `block in constantize'
  activesupport (3.2.6) lib/active_support/inflector/methods.rb:228:in `each'
  activesupport (3.2.6) lib/active_support/inflector/methods.rb:228:in `constantize'
  activesupport (3.2.6) lib/active_support/dependencies.rb:554:in `get'
  actionpack (3.2.6) lib/action_dispatch/routing/route_set.rb:69:in `controller_reference'
  actionpack (3.2.6) lib/action_dispatch/routing/route_set.rb:54:in `controller'
  actionpack (3.2.6) lib/action_dispatch/routing/route_set.rb:32:in `call'
  journey (1.0.4) lib/journey/router.rb:68:in `block in call'
  journey (1.0.4) lib/journey/router.rb:56:in `each'
  journey (1.0.4) lib/journey/router.rb:56:in `call'
  actionpack (3.2.6) lib/action_dispatch/routing/route_set.rb:600:in `call'
  actionpack (3.2.6) lib/action_dispatch/middleware/best_standards_support.rb:17:in `call'
  rack (1.4.1) lib/rack/etag.rb:23:in `call'
  rack (1.4.1) lib/rack/conditionalget.rb:25:in `call'
  actionpack (3.2.6) lib/action_dispatch/middleware/head.rb:14:in `call'
  actionpack (3.2.6) lib/action_dispatch/middleware/params_parser.rb:21:in `call'
  actionpack (3.2.6) lib/action_dispatch/middleware/flash.rb:242:in `call'
  rack (1.4.1) lib/rack/session/abstract/id.rb:205:in `context'
  rack (1.4.1) lib/rack/session/abstract/id.rb:200:in `call'
  actionpack (3.2.6) lib/action_dispatch/middleware/cookies.rb:338:in `call'
  activerecord (3.2.6) lib/active_record/query_cache.rb:64:in `call'
  activerecord (3.2.6) lib/active_record/connection_adapters/abstract/connection_pool.rb:473:in `call'
  actionpack (3.2.6) lib/action_dispatch/middleware/callbacks.rb:28:in `block in call'
  activesupport (3.2.6) lib/active_support/callbacks.rb:405:in `_run__3702569835515994275__call__4296112622416513887__callbacks'
  activesupport (3.2.6) lib/active_support/callbacks.rb:405:in `__run_callback'
  activesupport (3.2.6) lib/active_support/callbacks.rb:385:in `_run_call_callbacks'
  activesupport (3.2.6) lib/active_support/callbacks.rb:81:in `run_callbacks'
  actionpack (3.2.6) lib/action_dispatch/middleware/callbacks.rb:27:in `call'
  actionpack (3.2.6) lib/action_dispatch/middleware/reloader.rb:65:in `call'
  actionpack (3.2.6) lib/action_dispatch/middleware/remote_ip.rb:31:in `call'
  actionpack (3.2.6) lib/action_dispatch/middleware/debug_exceptions.rb:16:in `call'
  actionpack (3.2.6) lib/action_dispatch/middleware/show_exceptions.rb:56:in `call'
  railties (3.2.6) lib/rails/rack/logger.rb:26:in `call_app'
  railties (3.2.6) lib/rails/rack/logger.rb:16:in `call'
  actionpack (3.2.6) lib/action_dispatch/middleware/request_id.rb:22:in `call'
  rack (1.4.1) lib/rack/methodoverride.rb:21:in `call'
  rack (1.4.1) lib/rack/runtime.rb:17:in `call'
  activesupport (3.2.6) lib/active_support/cache/strategy/local_cache.rb:72:in `call'
  rack (1.4.1) lib/rack/lock.rb:15:in `call'
  actionpack (3.2.6) lib/action_dispatch/middleware/static.rb:62:in `call'
  railties (3.2.6) lib/rails/engine.rb:479:in `call'
  railties (3.2.6) lib/rails/application.rb:220:in `call'
  rack (1.4.1) lib/rack/content_length.rb:14:in `call'
  railties (3.2.6) lib/rails/rack/log_tailer.rb:17:in `call'
  rack (1.4.1) lib/rack/handler/webrick.rb:59:in `service'
  /opt/local/lib/ruby1.9/1.9.1/webrick/httpserver.rb:138:in `service'
  /opt/local/lib/ruby1.9/1.9.1/webrick/httpserver.rb:94:in `run'
  /opt/local/lib/ruby1.9/1.9.1/webrick/server.rb:191:in `block in start_thread'


  Rendered /usr/local/rvm/gems/ruby-1.9.3-p125/gems/actionpack-3.2.6/lib/action_dispatch/middleware/templates/rescues/_trace.erb (3.7ms)
  Rendered /usr/local/rvm/gems/ruby-1.9.3-p125/gems/actionpack-3.2.6/lib/action_dispatch/middleware/templates/rescues/_request_and_response.erb (1.1ms)
  Rendered /usr/local/rvm/gems/ruby-1.9.3-p125/gems/actionpack-3.2.6/lib/action_dispatch/middleware/templates/rescues/diagnostics.erb within rescues/layout (12.8ms)


Started GET "/oauth/callback?token=1%2F9_LdiI2vgSG360glrJopjEmbtcFlV0MQqXurjxaNy4E" for 127.0.0.1 at 2012-11-01 02:47:23 +0900
Processing by OauthController#callback as HTML
  Parameters: {"token"=>"1/9_LdiI2vgSG360glrJopjEmbtcFlV0MQqXurjxaNy4E"}
Completed 500 Internal Server Error in 3649ms

Net::HTTPServerException (401 "Unknown authorization header"):
  app/controllers/oauth_controller.rb:29:in `callback'


  Rendered /usr/local/rvm/gems/ruby-1.9.3-p125/gems/actionpack-3.2.6/lib/action_dispatch/middleware/templates/rescues/_trace.erb (2.3ms)
  Rendered /usr/local/rvm/gems/ruby-1.9.3-p125/gems/actionpack-3.2.6/lib/action_dispatch/middleware/templates/rescues/_request_and_response.erb (1.0ms)
  Rendered /usr/local/rvm/gems/ruby-1.9.3-p125/gems/actionpack-3.2.6/lib/action_dispatch/middleware/templates/rescues/diagnostics.erb within rescues/layout (8.8ms)


Started GET "/oauth/callback?token=1%2FZap1FXsDJ5bAFrqFQJd7Q9XLJwT5_YUKf2MEMYi8g9U" for 127.0.0.1 at 2012-11-01 02:47:37 +0900
Processing by OauthController#callback as HTML
  Parameters: {"token"=>"1/Zap1FXsDJ5bAFrqFQJd7Q9XLJwT5_YUKf2MEMYi8g9U"}

  Rendered oauth/callback.html.erb within layouts/application (0.0ms)
Completed 200 OK in 3786ms (Views: 31.2ms | ActiveRecord: 0.0ms)


Started GET "/assets/application.css?body=1" for 127.0.0.1 at 2012-11-01 02:47:41 +0900
Served asset /application.css - 304 Not Modified (0ms)


Started GET "/assets/oauth.css?body=1" for 127.0.0.1 at 2012-11-01 02:47:41 +0900
Served asset /oauth.css - 304 Not Modified (0ms)


Started GET "/assets/jquery.js?body=1" for 127.0.0.1 at 2012-11-01 02:47:41 +0900
Served asset /jquery.js - 304 Not Modified (0ms)


Started GET "/assets/jquery_ujs.js?body=1" for 127.0.0.1 at 2012-11-01 02:47:41 +0900
Served asset /jquery_ujs.js - 304 Not Modified (0ms)


Started GET "/assets/oauth.js?body=1" for 127.0.0.1 at 2012-11-01 02:47:41 +0900
Served asset /oauth.js - 304 Not Modified (0ms)


Started GET "/assets/application.js?body=1" for 127.0.0.1 at 2012-11-01 02:47:41 +0900
Served asset /application.js - 304 Not Modified (0ms)


Started GET "/oauth/callback?token=1%2FZap1FXsDJ5bAFrqFQJd7Q9XLJwT5_YUKf2MEMYi8g9U" for 127.0.0.1 at 2012-11-01 02:49:31 +0900
Processing by OauthController#callback as HTML
  Parameters: {"token"=>"1/Zap1FXsDJ5bAFrqFQJd7Q9XLJwT5_YUKf2MEMYi8g9U"}
#<Net::HTTPUnauthorized 401 Unknown authorization header readbody=true>
  Rendered oauth/callback.html.erb within layouts/application (0.0ms)
Completed 200 OK in 2589ms (Views: 7.6ms | ActiveRecord: 0.0ms)


Started GET "/assets/application.css?body=1" for 127.0.0.1 at 2012-11-01 02:49:34 +0900
Served asset /application.css - 304 Not Modified (0ms)


Started GET "/assets/jquery.js?body=1" for 127.0.0.1 at 2012-11-01 02:49:34 +0900
Served asset /jquery.js - 304 Not Modified (0ms)


Started GET "/assets/oauth.css?body=1" for 127.0.0.1 at 2012-11-01 02:49:34 +0900
Served asset /oauth.css - 304 Not Modified (0ms)


Started GET "/assets/jquery_ujs.js?body=1" for 127.0.0.1 at 2012-11-01 02:49:34 +0900
Served asset /jquery_ujs.js - 304 Not Modified (0ms)


Started GET "/assets/oauth.js?body=1" for 127.0.0.1 at 2012-11-01 02:49:34 +0900
Served asset /oauth.js - 304 Not Modified (0ms)


Started GET "/assets/application.js?body=1" for 127.0.0.1 at 2012-11-01 02:49:34 +0900
Served asset /application.js - 304 Not Modified (0ms)


Started GET "/oauth/callback?token=1%2Fst6YFWSA5fQ9O4p_dAJMjEYvYGIXuCPmjgPQvdnlIYc" for 127.0.0.1 at 2012-11-01 02:50:12 +0900
Processing by OauthController#callback as HTML
  Parameters: {"token"=>"1/st6YFWSA5fQ9O4p_dAJMjEYvYGIXuCPmjgPQvdnlIYc"}
#<Net::HTTPOK 200 OK readbody=true>
  Rendered oauth/callback.html.erb within layouts/application (0.0ms)
Completed 200 OK in 4019ms (Views: 4.8ms | ActiveRecord: 0.0ms)


Started GET "/assets/application.css?body=1" for 127.0.0.1 at 2012-11-01 02:50:16 +0900
Served asset /application.css - 304 Not Modified (0ms)


Started GET "/assets/jquery_ujs.js?body=1" for 127.0.0.1 at 2012-11-01 02:50:16 +0900
Served asset /jquery_ujs.js - 304 Not Modified (0ms)


Started GET "/assets/oauth.css?body=1" for 127.0.0.1 at 2012-11-01 02:50:16 +0900
Served asset /oauth.css - 304 Not Modified (0ms)


Started GET "/assets/oauth.js?body=1" for 127.0.0.1 at 2012-11-01 02:50:16 +0900
Served asset /oauth.js - 304 Not Modified (0ms)


Started GET "/assets/jquery.js?body=1" for 127.0.0.1 at 2012-11-01 02:50:16 +0900
Served asset /jquery.js - 304 Not Modified (0ms)


Started GET "/assets/application.js?body=1" for 127.0.0.1 at 2012-11-01 02:50:16 +0900
Served asset /application.js - 304 Not Modified (0ms)


Started GET "/oauth/callback?token=1%2FKYKyDTaVfgSjTg06SFx5VahcI9K6W-OkERfFShibRi0" for 127.0.0.1 at 2012-11-01 02:55:01 +0900
Processing by OauthController#callback as HTML
  Parameters: {"token"=>"1/KYKyDTaVfgSjTg06SFx5VahcI9K6W-OkERfFShibRi0"}
#<Net::HTTPOK 200 OK readbody=true>
  Rendered oauth/callback.html.erb within layouts/application (0.1ms)
Completed 200 OK in 3716ms (Views: 7.4ms | ActiveRecord: 0.0ms)


Started GET "/assets/oauth.css?body=1" for 127.0.0.1 at 2012-11-01 02:55:05 +0900
Served asset /oauth.css - 304 Not Modified (0ms)


Started GET "/assets/application.css?body=1" for 127.0.0.1 at 2012-11-01 02:55:05 +0900
Served asset /application.css - 304 Not Modified (0ms)


Started GET "/assets/oauth.js?body=1" for 127.0.0.1 at 2012-11-01 02:55:05 +0900
Served asset /oauth.js - 304 Not Modified (0ms)


Started GET "/assets/jquery.js?body=1" for 127.0.0.1 at 2012-11-01 02:55:05 +0900
Served asset /jquery.js - 304 Not Modified (0ms)


Started GET "/assets/jquery_ujs.js?body=1" for 127.0.0.1 at 2012-11-01 02:55:05 +0900
Served asset /jquery_ujs.js - 304 Not Modified (0ms)


Started GET "/assets/application.js?body=1" for 127.0.0.1 at 2012-11-01 02:55:05 +0900
Served asset /application.js - 304 Not Modified (0ms)


Started GET "/oauth/callback?token=1%2FIQAE4V9g3_t82mfqFtlG8BbL9C7zl-SPh5SR3qIY2s4" for 127.0.0.1 at 2012-11-01 02:56:22 +0900
Processing by OauthController#callback as HTML
  Parameters: {"token"=>"1/IQAE4V9g3_t82mfqFtlG8BbL9C7zl-SPh5SR3qIY2s4"}
#<Net::HTTPOK 200 OK readbody=true>
  Rendered oauth/callback.html.erb within layouts/application (0.0ms)
Completed 200 OK in 4503ms (Views: 34.0ms | ActiveRecord: 0.0ms)


Started GET "/assets/oauth.css?body=1" for 127.0.0.1 at 2012-11-01 02:56:26 +0900
Served asset /oauth.css - 304 Not Modified (0ms)


Started GET "/assets/jquery_ujs.js?body=1" for 127.0.0.1 at 2012-11-01 02:56:26 +0900
Served asset /jquery_ujs.js - 304 Not Modified (0ms)


Started GET "/assets/oauth.js?body=1" for 127.0.0.1 at 2012-11-01 02:56:26 +0900
Served asset /oauth.js - 304 Not Modified (0ms)


Started GET "/assets/application.css?body=1" for 127.0.0.1 at 2012-11-01 02:56:26 +0900
Served asset /application.css - 304 Not Modified (0ms)


Started GET "/assets/jquery.js?body=1" for 127.0.0.1 at 2012-11-01 02:56:26 +0900
Served asset /jquery.js - 304 Not Modified (0ms)


Started GET "/assets/application.js?body=1" for 127.0.0.1 at 2012-11-01 02:56:26 +0900
Served asset /application.js - 304 Not Modified (0ms)


Started GET "/oauth/callback?token=1%2FqAMJBPBvdDs990P0jRykT7Ur6Qg0lORX3w_C_9DhGCM" for 127.0.0.1 at 2012-11-01 03:00:34 +0900
Processing by OauthController#callback as HTML
  Parameters: {"token"=>"1/qAMJBPBvdDs990P0jRykT7Ur6Qg0lORX3w_C_9DhGCM"}
Completed 500 Internal Server Error in 3544ms

NoMethodError (undefined method `gCal' for #<Net::HTTPOK 200 OK readbody=true>):
  app/controllers/oauth_controller.rb:29:in `callback'


  Rendered /usr/local/rvm/gems/ruby-1.9.3-p125/gems/actionpack-3.2.6/lib/action_dispatch/middleware/templates/rescues/_trace.erb (2.8ms)
  Rendered /usr/local/rvm/gems/ruby-1.9.3-p125/gems/actionpack-3.2.6/lib/action_dispatch/middleware/templates/rescues/_request_and_response.erb (1.1ms)
  Rendered /usr/local/rvm/gems/ruby-1.9.3-p125/gems/actionpack-3.2.6/lib/action_dispatch/middleware/templates/rescues/diagnostics.erb within rescues/layout (11.6ms)


Started GET "/oauth/callback?token=1%2FmM2BKdWoRbToYD88KcPPs7uHjP7rSxWorqtURUF0OCs" for 127.0.0.1 at 2012-11-01 03:01:39 +0900
Processing by OauthController#callback as HTML
  Parameters: {"token"=>"1/mM2BKdWoRbToYD88KcPPs7uHjP7rSxWorqtURUF0OCs"}
#<Net::HTTPOK:0x007fa4260e5ac0>
  Rendered oauth/callback.html.erb within layouts/application (0.1ms)
Completed 200 OK in 3541ms (Views: 9.7ms | ActiveRecord: 0.0ms)


Started GET "/assets/oauth.css?body=1" for 127.0.0.1 at 2012-11-01 03:01:42 +0900
Served asset /oauth.css - 304 Not Modified (0ms)


Started GET "/assets/jquery.js?body=1" for 127.0.0.1 at 2012-11-01 03:01:42 +0900
Served asset /jquery.js - 304 Not Modified (0ms)


Started GET "/assets/application.css?body=1" for 127.0.0.1 at 2012-11-01 03:01:42 +0900
Served asset /application.css - 304 Not Modified (0ms)


Started GET "/assets/application.js?body=1" for 127.0.0.1 at 2012-11-01 03:01:42 +0900
Served asset /application.js - 304 Not Modified (0ms)


Started GET "/assets/jquery_ujs.js?body=1" for 127.0.0.1 at 2012-11-01 03:01:42 +0900
Served asset /jquery_ujs.js - 304 Not Modified (0ms)


Started GET "/assets/oauth.js?body=1" for 127.0.0.1 at 2012-11-01 03:01:42 +0900
Served asset /oauth.js - 304 Not Modified (0ms)


Started GET "/oauth/callback?token=1%2FXJ24-brYsLhsvimXE0lv0_ByO0DpnjWsIP7jGG44SnU" for 127.0.0.1 at 2012-11-01 03:17:10 +0900
Processing by OauthController#callback as HTML
  Parameters: {"token"=>"1/XJ24-brYsLhsvimXE0lv0_ByO0DpnjWsIP7jGG44SnU"}
#<Net::HTTPOK:0x007fa4284f3fc0>
  Rendered oauth/callback.html.erb within layouts/application (0.0ms)
Completed 200 OK in 5562ms (Views: 4.6ms | ActiveRecord: 0.0ms)


Started GET "/assets/jquery_ujs.js?body=1" for 127.0.0.1 at 2012-11-01 03:17:16 +0900
Served asset /jquery_ujs.js - 304 Not Modified (0ms)


Started GET "/assets/application.css?body=1" for 127.0.0.1 at 2012-11-01 03:17:16 +0900
Served asset /application.css - 304 Not Modified (0ms)


Started GET "/assets/oauth.css?body=1" for 127.0.0.1 at 2012-11-01 03:17:16 +0900
Served asset /oauth.css - 304 Not Modified (0ms)


Started GET "/assets/jquery.js?body=1" for 127.0.0.1 at 2012-11-01 03:17:16 +0900
Served asset /jquery.js - 304 Not Modified (0ms)


Started GET "/assets/application.js?body=1" for 127.0.0.1 at 2012-11-01 03:17:16 +0900
Served asset /application.js - 304 Not Modified (0ms)


Started GET "/assets/oauth.js?body=1" for 127.0.0.1 at 2012-11-01 03:17:16 +0900
Served asset /oauth.js - 304 Not Modified (0ms)


Started GET "/oauth/callback?token=1%2F-1xPZh5Z4zMWO4vUuh1g5dx7JJk0-cbGZZBHgRmXZSg" for 127.0.0.1 at 2012-11-01 03:17:57 +0900
Processing by OauthController#callback as HTML
  Parameters: {"token"=>"1/-1xPZh5Z4zMWO4vUuh1g5dx7JJk0-cbGZZBHgRmXZSg"}
"<?xml version='1.0' encoding='UTF-8'?><feed xmlns='http://www.w3.org/2005/Atom' xmlns:openSearch='http://a9.com/-/spec/opensearchrss/1.0/' xmlns:gCal='http://schemas.google.com/gCal/2005' xmlns:gd='http://schemas.google.com/g/2005'><id>http://www.google.com/calendar/feeds/default/private/full</id><updated>2012-10-31T18:01:25.000Z</updated><category scheme='http://schemas.google.com/g/2005#kind' term='http://schemas.google.com/g/2005#event'/><title type='text'>yoshifumi0521@gmail.com</title><subtitle type='text'>yoshifumi0521@gmail.com</subtitle><link rel='alternate' type='text/html' href='https://www.google.com/calendar/embed?src=yoshifumi0521%40gmail.com'/><link rel='http://schemas.google.com/g/2005#feed' type='application/atom+xml' href='https://www.google.com/calendar/feeds/default/private/full'/><link rel='http://schemas.google.com/g/2005#post' type='application/atom+xml' href='https://www.google.com/calendar/feeds/default/private/full'/><link rel='http://schemas.google.com/g/2005#batch' type='application/atom+xml' href='https://www.google.com/calendar/feeds/default/private/full/batch'/><link rel='self' type='application/atom+xml' href='https://www.google.com/calendar/feeds/default/private/full?max-results=25'/><link rel='next' type='application/atom+xml' href='https://www.google.com/calendar/feeds/default/private/full?start-index=26&amp;max-results=25'/><author><name>\xE4\xBD\x90\xE8\x97\xA4\xE4\xBD\xB3\xE6\x96\x87</name><email>yoshifumi0521@gmail.com</email></author><generator version='1.0' uri='http://www.google.com/calendar'>Google Calendar</generator><openSearch:totalResults>39</openSearch:totalResults><openSearch:startIndex>1</openSearch:startIndex><openSearch:itemsPerPage>25</openSearch:itemsPerPage><gCal:timezone value='Asia/Tokyo'/><gCal:timesCleaned value='0'/><entry><id>http://www.google.com/calendar/feeds/default/private/full/mutcbmn373qjrkm4go7clggdp8</id><published>2012-10-31T18:01:25.000Z</published><updated>2012-10-31T18:01:25.000Z</updated><category scheme='http://schemas.google.com/g/2005#kind' term='http://schemas.google.com/g/2005#event'/><title type='text'/><content type='text'/><link rel='alternate' type='text/html' href='https://www.google.com/calendar/event?eid=bXV0Y2JtbjM3M3FqcmttNGdvN2NsZ2dkcDggeW9zaGlmdW1pMDUyMUBt' title='alternate'/><link rel='self' type='application/atom+xml' href='https://www.google.com/calendar/feeds/default/private/full/mutcbmn373qjrkm4go7clggdp8'/><link rel='edit' type='application/atom+xml' href='https://www.google.com/calendar/feeds/default/private/full/mutcbmn373qjrkm4go7clggdp8/63487389685'/><author><name>\xE4\xBD\x90\xE8\x97\xA4\xE4\xBD\xB3\xE6\x96\x87</name><email>yoshifumi0521@gmail.com</email></author><gd:comments><gd:feedLink href='https://www.google.com/calendar/feeds/default/private/full/mutcbmn373qjrkm4go7clggdp8/comments'/></gd:comments><gd:eventStatus value='http://schemas.google.com/g/2005#event.confirmed'/><gd:where valueString=''/><gd:who email='yoshifumi0521@gmail.com' rel='http://schemas.google.com/g/2005#event.organizer' valueString='yoshifumi0521@gmail.com'/><gd:when endTime='2012-11-01T09:00:00.000+09:00' startTime='2012-11-01T05:00:00.000+09:00'><gd:reminder method='email' minutes='10'/><gd:reminder method='alert' minutes='10'/></gd:when><gd:transparency value='http://schemas.google.com/g/2005#event.opaque'/><gd:visibility value='http://schemas.google.com/g/2005#event.default'/><gCal:anyoneCanAddSelf value='false'/><gCal:guestsCanInviteOthers value='true'/><gCal:guestsCanModify value='false'/><gCal:guestsCanSeeGuests value='true'/><gCal:sequence value='0'/><gCal:uid value='mutcbmn373qjrkm4go7clggdp8@google.com'/></entry><entry><id>http://www.google.com/calendar/feeds/default/private/full/1g6ra0ulje7pdjvge7ufvbpkdc</id><published>2012-10-31T17:56:15.000Z</published><updated>2012-10-31T17:56:15.000Z</updated><category scheme='http://schemas.google.com/g/2005#kind' term='http://schemas.google.com/g/2005#event'/><title type='text'>test</title><content type='text'/><link rel='alternate' type='text/html' href='https://www.google.com/calendar/event?eid=MWc2cmEwdWxqZTdwZGp2Z2U3dWZ2YnBrZGMgeW9zaGlmdW1pMDUyMUBt' title='alternate'/><link rel='self' type='application/atom+xml' href='https://www.google.com/calendar/feeds/default/private/full/1g6ra0ulje7pdjvge7ufvbpkdc'/><link rel='edit' type='application/atom+xml' href='https://www.google.com/calendar/feeds/default/private/full/1g6ra0ulje7pdjvge7ufvbpkdc/63487389375'/><author><name>\xE4\xBD\x90\xE8\x97\xA4\xE4\xBD\xB3\xE6\x96\x87</name><email>yoshifumi0521@gmail.com</email></author><gd:comments><gd:feedLink href='https://www.google.com/calendar/feeds/default/private/full/1g6ra0ulje7pdjvge7ufvbpkdc/comments'/></gd:comments><gd:eventStatus value='http://schemas.google.com/g/2005#event.confirmed'/><gd:where valueString=''/><gd:who email='yoshifumi0521@gmail.com' rel='http://schemas.google.com/g/2005#event.organizer' valueString='yoshifumi0521@gmail.com'/><gd:when endTime='2012-11-02T10:00:00.000+09:00' startTime='2012-11-02T04:30:00.000+09:00'><gd:reminder method='email' minutes='10'/><gd:reminder method='alert' minutes='10'/></gd:when><gd:transparency value='http://schemas.google.com/g/2005#event.opaque'/><gd:visibility value='http://schemas.google.com/g/2005#event.default'/><gCal:anyoneCanAddSelf value='false'/><gCal:guestsCanInviteOthers value='true'/><gCal:guestsCanModify value='false'/><gCal:guestsCanSeeGuests value='true'/><gCal:sequence value='0'/><gCal:uid value='1g6ra0ulje7pdjvge7ufvbpkdc@google.com'/></entry><entry><id>http://www.google.com/calendar/feeds/default/private/full/8di1f0os7rjrha2cb2kf5ofgfs</id><published>2012-10-31T17:56:12.000Z</published><updated>2012-10-31T17:56:12.000Z</updated><category scheme='http://schemas.google.com/g/2005#kind' term='http://schemas.google.com/g/2005#event'/><title type='text'/><content type='text'/><link rel='alternate' type='text/html' href='https://www.google.com/calendar/event?eid=OGRpMWYwb3M3cmpyaGEyY2Iya2Y1b2ZnZnMgeW9zaGlmdW1pMDUyMUBt' title='alternate'/><link rel='self' type='application/atom+xml' href='https://www.google.com/calendar/feeds/default/private/full/8di1f0os7rjrha2cb2kf5ofgfs'/><link rel='edit' type='application/atom+xml' href='https://www.google.com/calendar/feeds/default/private/full/8di1f0os7rjrha2cb2kf5ofgfs/63487389372'/><author><name>\xE4\xBD\x90\xE8\x97\xA4\xE4\xBD\xB3\xE6\x96\x87</name><email>yoshifumi0521@gmail.com</email></author><gd:comments><gd:feedLink href='https://www.google.com/calendar/feeds/default/private/full/8di1f0os7rjrha2cb2kf5ofgfs/comments'/></gd:comments><gd:eventStatus value='http://schemas.google.com/g/2005#event.confirmed'/><gd:where valueString=''/><gd:who email='yoshifumi0521@gmail.com' rel='http://schemas.google.com/g/2005#event.organizer' valueString='yoshifumi0521@gmail.com'/><gd:when endTime='2012-11-02T12:00:00.000+09:00' startTime='2012-11-02T04:30:00.000+09:00'><gd:reminder method='email' minutes='10'/><gd:reminder method='alert' minutes='10'/></gd:when><gd:transparency value='http://schemas.google.com/g/2005#event.opaque'/><gd:visibility value='http://schemas.google.com/g/2005#event.default'/><gCal:anyoneCanAddSelf value='false'/><gCal:guestsCanInviteOthers value='true'/><gCal:guestsCanModify value='false'/><gCal:guestsCanSeeGuests value='true'/><gCal:sequence value='0'/><gCal:uid value='8di1f0os7rjrha2cb2kf5ofgfs@google.com'/></entry><entry><id>http://www.google.com/calendar/feeds/default/private/full/0tg5d1fcjhkao22jcqqmllekt4</id><published>2012-09-06T08:45:14.000Z</published><updated>2012-09-06T08:45:14.000Z</updated><category scheme='http://schemas.google.com/g/2005#kind' term='http://schemas.google.com/g/2005#event'/><title type='text'>\xE3\x83\xAA\xE3\x82\xA2\xE3\x83\xAB\xE3\x83\xAF\xE3\x83\xBC\xE3\x83\xAB\xE3\x83\x89\xE3\x80\x80\xE5\xBA\xA7\xE8\xAB\x87\xE4\xBC\x9A</title><content type='text'/><link rel='alternate' type='text/html' href='https://www.google.com/calendar/event?eid=MHRnNWQxZmNqaGthbzIyamNxcW1sbGVrdDQgeW9zaGlmdW1pMDUyMUBt' title='alternate'/><link rel='self' type='application/atom+xml' href='https://www.google.com/calendar/feeds/default/private/full/0tg5d1fcjhkao22jcqqmllekt4'/><link rel='edit' type='application/atom+xml' href='https://www.google.com/calendar/feeds/default/private/full/0tg5d1fcjhkao22jcqqmllekt4/63482604314'/><author><name>\xE4\xBD\x90\xE8\x97\xA4\xE4\xBD\xB3\xE6\x96\x87</name><email>yoshifumi0521@gmail.com</email></author><gd:comments><gd:feedLink href='https://www.google.com/calendar/feeds/default/private/full/0tg5d1fcjhkao22jcqqmllekt4/comments'/></gd:comments><gd:eventStatus value='http://schemas.google.com/g/2005#event.confirmed'/><gd:where valueString=''/><gd:who email='yoshifumi0521@gmail.com' rel='http://schemas.google.com/g/2005#event.organizer' valueString='yoshifumi0521@gmail.com'/><gd:when endTime='2012-09-13T13:00:00.000+09:00' startTime='2012-09-13T11:00:00.000+09:00'><gd:reminder method='email' minutes='10'/><gd:reminder method='alert' minutes='10'/></gd:when><gd:transparency value='http://schemas.google.com/g/2005#event.opaque'/><gd:visibility value='http://schemas.google.com/g/2005#event.default'/><gCal:anyoneCanAddSelf value='false'/><gCal:guestsCanInviteOthers value='true'/><gCal:guestsCanModify value='false'/><gCal:guestsCanSeeGuests value='true'/><gCal:sequence value='0'/><gCal:uid value='0tg5d1fcjhkao22jcqqmllekt4@google.com'/></entry><entry><id>http://www.google.com/calendar/feeds/default/private/full/f1r06kd03d3305metb8984fre0</id><published>2012-08-10T12:21:14.000Z</published><updated>2012-08-10T12:21:14.000Z</updated><category scheme='http://schemas.google.com/g/2005#kind' term='http://schemas.google.com/g/2005#event'/><title type='text'>\xE3\x83\xAA\xE3\x83\xB3\xE3\x82\xB1\xE3\x82\xA4\xE3\x82\xB8\xE3\x82\xA2\xE3\x82\xA4\xE3\x83\xB3\xE3\x82\xBF\xE3\x83\xBC\xE3\x83\xB3\xE3\x81\xA8\xE4\xBC\x9A\xE3\x81\x86\xE3\x80\x82</title><content type='text'/><link rel='alternate' type='text/html' href='https://www.google.com/calendar/event?eid=ZjFyMDZrZDAzZDMzMDVtZXRiODk4NGZyZTAgeW9zaGlmdW1pMDUyMUBt' title='alternate'/><link rel='self' type='application/atom+xml' href='https://www.google.com/calendar/feeds/default/private/full/f1r06kd03d3305metb8984fre0'/><link rel='edit' type='application/atom+xml' href='https://www.google.com/calendar/feeds/default/private/full/f1r06kd03d3305metb8984fre0/63480284474'/><author><name>\xE4\xBD\x90\xE8\x97\xA4\xE4\xBD\xB3\xE6\x96\x87</name><email>yoshifumi0521@gmail.com</email></author><gd:comments><gd:feedLink href='https://www.google.com/calendar/feeds/default/private/full/f1r06kd03d3305metb8984fre0/comments'/></gd:comments><gd:eventStatus value='http://schemas.google.com/g/2005#event.confirmed'/><gd:where valueString=''/><gd:who email='yoshifumi0521@gmail.com' rel='http://schemas.google.com/g/2005#event.organizer' valueString='yoshifumi0521@gmail.com'/><gd:when endTime='2012-08-16T22:30:00.000+09:00' startTime='2012-08-16T19:00:00.000+09:00'><gd:reminder method='email' minutes='10'/><gd:reminder method='alert' minutes='10'/></gd:when><gd:transparency value='http://schemas.google.com/g/2005#event.opaque'/><gd:visibility value='http://schemas.google.com/g/2005#event.default'/><gCal:anyoneCanAddSelf value='false'/><gCal:guestsCanInviteOthers value='true'/><gCal:guestsCanModify value='false'/><gCal:guestsCanSeeGuests value='true'/><gCal:sequence value='0'/><gCal:uid value='f1r06kd03d3305metb8984fre0@google.com'/></entry><entry><id>http://www.google.com/calendar/feeds/default/private/full/v64rq4rpcbr6gmj0bda16qubg0</id><published>2012-08-10T12:20:31.000Z</published><updated>2012-08-10T12:20:54.000Z</updated><category scheme='http://schemas.google.com/g/2005#kind' term='http://schemas.google.com/g/2005#event'/><title type='text'>\xE3\x83\x95\xE3\x82\xA3\xE3\x83\xBC\xE3\x83\x89\xE3\x83\x95\xE3\x82\xA9\xE3\x83\xBC\xE3\x82\xB9\xE3\x82\xA4\xE3\x83\xB3\xE3\x82\xBF\xE3\x83\xBC\xE3\x83\xB3</title><content type='text'/><link rel='alternate' type='text/html' href='https://www.google.com/calendar/event?eid=djY0cnE0cnBjYnI2Z21qMGJkYTE2cXViZzAgeW9zaGlmdW1pMDUyMUBt' title='alternate'/><link rel='self' type='application/atom+xml' href='https://www.google.com/calendar/feeds/default/private/full/v64rq4rpcbr6gmj0bda16qubg0'/><link rel='edit' type='application/atom+xml' href='https://www.google.com/calendar/feeds/default/private/full/v64rq4rpcbr6gmj0bda16qubg0/63480284454'/><author><name>\xE4\xBD\x90\xE8\x97\xA4\xE4\xBD\xB3\xE6\x96\x87</name><email>yoshifumi0521@gmail.com</email></author><gd:comments><gd:feedLink href='https://www.google.com/calendar/feeds/default/private/full/v64rq4rpcbr6gmj0bda16qubg0/comments'/></gd:comments><gd:eventStatus value='http://schemas.google.com/g/2005#event.confirmed'/><gd:where valueString=''/><gd:who email='yoshifumi0521@gmail.com' rel='http://schemas.google.com/g/2005#event.organizer' valueString='yoshifumi0521@gmail.com'/><gd:when endTime='2012-08-15T18:30:00.000+09:00' startTime='2012-08-15T09:00:00.000+09:00'><gd:reminder method='email' minutes='10'/><gd:reminder method='alert' minutes='10'/></gd:when><gd:transparency value='http://schemas.google.com/g/2005#event.opaque'/><gd:visibility value='http://schemas.google.com/g/2005#event.default'/><gCal:anyoneCanAddSelf value='false'/><gCal:guestsCanInviteOthers value='true'/><gCal:guestsCanModify value='false'/><gCal:guestsCanSeeGuests value='true'/><gCal:sequence value='0'/><gCal:uid value='v64rq4rpcbr6gmj0bda16qubg0@google.com'/></entry><entry><id>http://www.google.com/calendar/feeds/default/private/full/t8hvctvv9af9lpre3t21mcs3bs</id><published>2012-08-10T12:20:45.000Z</published><updated>2012-08-10T12:20:45.000Z</updated><category scheme='http://schemas.google.com/g/2005#kind' term='http://schemas.google.com/g/2005#event'/><title type='text'>\xE3\x83\x95\xE3\x82\xA3\xE3\x83\xBC\xE3\x83\x89\xE3\x83\x95\xE3\x82\xA9\xE3\x83\xBC\xE3\x82\xB9\xE3\x82\xA4\xE3\x83\xB3\xE3\x82\xBF\xE3\x83\xBC\xE3\x83\xB3</title><content type='text'/><link rel='alternate' type='text/html' href='https://www.google.com/calendar/event?eid=dDhodmN0dnY5YWY5bHByZTN0MjFtY3MzYnMgeW9zaGlmdW1pMDUyMUBt' title='alternate'/><link rel='self' type='application/atom+xml' href='https://www.google.com/calendar/feeds/default/private/full/t8hvctvv9af9lpre3t21mcs3bs'/><link rel='edit' type='application/atom+xml' href='https://www.google.com/calendar/feeds/default/private/full/t8hvctvv9af9lpre3t21mcs3bs/63480284445'/><author><name>\xE4\xBD\x90\xE8\x97\xA4\xE4\xBD\xB3\xE6\x96\x87</name><email>yoshifumi0521@gmail.com</email></author><gd:comments><gd:feedLink href='https://www.google.com/calendar/feeds/default/private/full/t8hvctvv9af9lpre3t21mcs3bs/comments'/></gd:comments><gd:eventStatus value='http://schemas.google.com/g/2005#event.confirmed'/><gd:where valueString=''/><gd:who email='yoshifumi0521@gmail.com' rel='http://schemas.google.com/g/2005#event.organizer' valueString='yoshifumi0521@gmail.com'/><gd:when endTime='2012-08-17T18:30:00.000+09:00' startTime='2012-08-17T09:00:00.000+09:00'><gd:reminder method='email' minutes='10'/><gd:reminder method='alert' minutes='10'/></gd:when><gd:transparency value='http://schemas.google.com/g/2005#event.opaque'/><gd:visibility value='http://schemas.google.com/g/2005#event.default'/><gCal:anyoneCanAddSelf value='false'/><gCal:guestsCanInviteOthers value='true'/><gCal:guestsCanModify value='false'/><gCal:guestsCanSeeGuests value='true'/><gCal:sequence value='0'/><gCal:uid value='t8hvctvv9af9lpre3t21mcs3bs@google.com'/></entry><entry><id>http://www.google.com/calendar/feeds/default/private/full/nsbgmiks0qdecjoplo2l57ja70</id><published>2012-08-10T12:20:24.000Z</published><updated>2012-08-10T12:20:24.000Z</updated><category scheme='http://schemas.google.com/g/2005#kind' term='http://schemas.google.com/g/2005#event'/><title type='text'>\xE3\x83\x95\xE3\x82\xA3\xE3\x83\xBC\xE3\x83\x89\xE3\x83\x95\xE3\x82\xA9\xE3\x83\xBC\xE3\x82\xB9\xE3\x82\xA4\xE3\x83\xB3\xE3\x82\xBF\xE3\x83\xBC\xE3\x83\xB3</title><content type='text'/><link rel='alternate' type='text/html' href='https://www.google.com/calendar/event?eid=bnNiZ21pa3MwcWRlY2pvcGxvMmw1N2phNzAgeW9zaGlmdW1pMDUyMUBt' title='alternate'/><link rel='self' type='application/atom+xml' href='https://www.google.com/calendar/feeds/default/private/full/nsbgmiks0qdecjoplo2l57ja70'/><link rel='edit' type='application/atom+xml' href='https://www.google.com/calendar/feeds/default/private/full/nsbgmiks0qdecjoplo2l57ja70/63480284424'/><author><name>\xE4\xBD\x90\xE8\x97\xA4\xE4\xBD\xB3\xE6\x96\x87</name><email>yoshifumi0521@gmail.com</email></author><gd:comments><gd:feedLink href='https://www.google.com/calendar/feeds/default/private/full/nsbgmiks0qdecjoplo2l57ja70/comments'/></gd:comments><gd:eventStatus value='http://schemas.google.com/g/2005#event.confirmed'/><gd:where valueString=''/><gd:who email='yoshifumi0521@gmail.com' rel='http://schemas.google.com/g/2005#event.organizer' valueString='yoshifumi0521@gmail.com'/><gd:when endTime='2012-08-14T18:30:00.000+09:00' startTime='2012-08-14T09:00:00.000+09:00'><gd:reminder method='email' minutes='10'/><gd:reminder method='alert' minutes='10'/></gd:when><gd:transparency value='http://schemas.google.com/g/2005#event.opaque'/><gd:visibility value='http://schemas.google.com/g/2005#event.default'/><gCal:anyoneCanAddSelf value='false'/><gCal:guestsCanInviteOthers value='true'/><gCal:guestsCanModify value='false'/><gCal:guestsCanSeeGuests value='true'/><gCal:sequence value='0'/><gCal:uid value='nsbgmiks0qdecjoplo2l57ja70@google.com'/></entry><entry><id>http://www.google.com/calendar/feeds/default/private/full/vnb4p4or07rg01a4o6gd59eark</id><published>2012-08-10T12:19:57.000Z</published><updated>2012-08-10T12:19:57.000Z</updated><category scheme='http://schemas.google.com/g/2005#kind' term='http://schemas.google.com/g/2005#event'/><title type='text'>\xE9\x9D\x99\xE5\xB2\xA1\xE6\x97\x85\xE8\xA1\x8C</title><content type='text'/><link rel='alternate' type='text/html' href='https://www.google.com/calendar/event?eid=dm5iNHA0b3IwN3JnMDFhNG82Z2Q1OWVhcmsgeW9zaGlmdW1pMDUyMUBt' title='alternate'/><link rel='self' type='application/atom+xml' href='https://www.google.com/calendar/feeds/default/private/full/vnb4p4or07rg01a4o6gd59eark'/><link rel='edit' type='application/atom+xml' href='https://www.google.com/calendar/feeds/default/private/full/vnb4p4or07rg01a4o6gd59eark/63480284397'/><author><name>\xE4\xBD\x90\xE8\x97\xA4\xE4\xBD\xB3\xE6\x96\x87</name><email>yoshifumi0521@gmail.com</email></author><gd:comments><gd:feedLink href='https://www.google.com/calendar/feeds/default/private/full/vnb4p4or07rg01a4o6gd59eark/comments'/></gd:comments><gd:eventStatus value='http://schemas.google.com/g/2005#event.confirmed'/><gd:where valueString=''/><gd:who email='yoshifumi0521@gmail.com' rel='http://schemas.google.com/g/2005#event.organizer' valueString='yoshifumi0521@gmail.com'/><gd:when endTime='2012-08-14' startTime='2012-08-13'><gd:reminder method='email' minutes='10'/><gd:reminder method='alert' minutes='10'/></gd:when><gd:transparency value='http://schemas.google.com/g/2005#event.transparent'/><gd:visibility value='http://schemas.google.com/g/2005#event.default'/><gCal:anyoneCanAddSelf value='false'/><gCal:guestsCanInviteOthers value='true'/><gCal:guestsCanModify value='false'/><gCal:guestsCanSeeGuests value='true'/><gCal:sequence value='0'/><gCal:uid value='vnb4p4or07rg01a4o6gd59eark@google.com'/></entry><entry><id>http://www.google.com/calendar/feeds/default/private/full/k5c260o01ko443082h1gquoecc</id><published>2012-08-10T12:19:49.000Z</published><updated>2012-08-10T12:19:49.000Z</updated><category scheme='http://schemas.google.com/g/2005#kind' term='http://schemas.google.com/g/2005#event'/><title type='text'>\xE9\x9D\x99\xE5\xB2\xA1\xE6\x97\x85\xE8\xA1\x8C</title><content type='text'/><link rel='alternate' type='text/html' href='https://www.google.com/calendar/event?eid=azVjMjYwbzAxa280NDMwODJoMWdxdW9lY2MgeW9zaGlmdW1pMDUyMUBt' title='alternate'/><link rel='self' type='application/atom+xml' href='https://www.google.com/calendar/feeds/default/private/full/k5c260o01ko443082h1gquoecc'/><link rel='edit' type='application/atom+xml' href='https://www.google.com/calendar/feeds/default/private/full/k5c260o01ko443082h1gquoecc/63480284389'/><author><name>\xE4\xBD\x90\xE8\x97\xA4\xE4\xBD\xB3\xE6\x96\x87</name><email>yoshifumi0521@gmail.com</email></author><gd:comments><gd:feedLink href='https://www.google.com/calendar/feeds/default/private/full/k5c260o01ko443082h1gquoecc/comments'/></gd:comments><gd:eventStatus value='http://schemas.google.com/g/2005#event.confirmed'/><gd:where valueString=''/><gd:who email='yoshifumi0521@gmail.com' rel='http://schemas.google.com/g/2005#event.organizer' valueString='yoshifumi0521@gmail.com'/><gd:when endTime='2012-08-13' startTime='2012-08-11'><gd:reminder method='email' minutes='10'/><gd:reminder method='alert' minutes='10'/></gd:when><gd:transparency value='http://schemas.google.com/g/2005#event.transparent'/><gd:visibility value='http://schemas.google.com/g/2005#event.default'/><gCal:anyoneCanAddSelf value='false'/><gCal:guestsCanInviteOthers value='true'/><gCal:guestsCanModify value='false'/><gCal:guestsCanSeeGuests value='true'/><gCal:sequence value='0'/><gCal:uid value='k5c260o01ko443082h1gquoecc@google.com'/></entry><entry><id>http://www.google.com/calendar/feeds/default/private/full/fvfh3aidcbpv8gogcqtee1oft8</id><published>2012-08-01T04:33:01.000Z</published><updated>2012-08-01T04:33:01.000Z</updated><category scheme='http://schemas.google.com/g/2005#kind' term='http://schemas.google.com/g/2005#event'/><title type='text'>\xE7\xAC\xAC3\xE5\x9B\x9E\xE3\x83\x86\xE3\x83\x83\xE3\x82\xAF\xE3\x83\x92\xE3\x83\xAB\xE3\x82\xBA\xE3\x80\x80 2012..Flash\xE3\x81\xAE\xE7\xB5\x82\xE7\x84\x89!?\xE3\x80\x80\xEF\xBD\x9EFlash\xE3\x81\xAE\xE4\xBB\x8A\xE5\xBE\x8C\xE3\x82\x92\xE8\xA6\x8B\xE6\x8A\x9C\xE3\x81\x8F\xEF\xBD\x9E</title><content type='text'>http://atnd.org/event/techhills3</content><link rel='alternate' type='text/html' href='https://www.google.com/calendar/event?eid=ZnZmaDNhaWRjYnB2OGdvZ2NxdGVlMW9mdDggeW9zaGlmdW1pMDUyMUBt' title='alternate'/><link rel='self' type='application/atom+xml' href='https://www.google.com/calendar/feeds/default/private/full/fvfh3aidcbpv8gogcqtee1oft8'/><link rel='edit' type='application/atom+xml' href='https://www.google.com/calendar/feeds/default/private/full/fvfh3aidcbpv8gogcqtee1oft8/63479478781'/><author><name>\xE4\xBD\x90\xE8\x97\xA4\xE4\xBD\xB3\xE6\x96\x87</name><email>yoshifumi0521@gmail.com</email></author><gd:comments><gd:feedLink href='https://www.google.com/calendar/feeds/default/private/full/fvfh3aidcbpv8gogcqtee1oft8/comments'/></gd:comments><gd:eventStatus value='http://schemas.google.com/g/2005#event.confirmed'/><gd:where valueString='\xE5\x85\xAD\xE6\x9C\xAC\xE6\x9C\xA8'/><gd:who email='yoshifumi0521@gmail.com' rel='http://schemas.google.com/g/2005#event.organizer' valueString='yoshifumi0521@gmail.com'/><gd:when endTime='2012-08-30T21:00:00.000+09:00' startTime='2012-08-30T19:00:00.000+09:00'><gd:reminder method='email' minutes='10'/><gd:reminder method='alert' minutes='10'/></gd:when><gd:transparency value='http://schemas.google.com/g/2005#event.opaque'/><gd:visibility value='http://schemas.google.com/g/2005#event.default'/><gCal:anyoneCanAddSelf value='false'/><gCal:guestsCanInviteOthers value='true'/><gCal:guestsCanModify value='false'/><gCal:guestsCanSeeGuests value='true'/><gCal:sequence value='0'/><gCal:uid value='fvfh3aidcbpv8gogcqtee1oft8@google.com'/></entry><entry><id>http://www.google.com/calendar/feeds/default/private/full/844gt85b13pf7bohkrglft7ndo</id><published>2012-08-01T04:25:10.000Z</published><updated>2012-08-01T04:25:10.000Z</updated><category scheme='http://schemas.google.com/g/2005#kind' term='http://schemas.google.com/g/2005#event'/><title type='text'>\xE7\xB5\x8C\xE8\xB2\xBB\xE7\xB2\xBE\xE7\xAE\x97\xE3\x81\xAE\xE7\xB7\xA0\xE5\x88\x87</title><content type='text'/><link rel='alternate' type='text/html' href='https://www.google.com/calendar/event?eid=ODQ0Z3Q4NWIxM3BmN2JvaGtyZ2xmdDduZG8geW9zaGlmdW1pMDUyMUBt' title='alternate'/><link rel='self' type='application/atom+xml' href='https://www.google.com/calendar/feeds/default/private/full/844gt85b13pf7bohkrglft7ndo'/><link rel='edit' type='application/atom+xml' href='https://www.google.com/calendar/feeds/default/private/full/844gt85b13pf7bohkrglft7ndo/63479478310'/><author><name>\xE4\xBD\x90\xE8\x97\xA4\xE4\xBD\xB3\xE6\x96\x87</name><email>yoshifumi0521@gmail.com</email></author><gd:comments><gd:feedLink href='https://www.google.com/calendar/feeds/default/private/full/844gt85b13pf7bohkrglft7ndo/comments'/></gd:comments><gd:eventStatus value='http://schemas.google.com/g/2005#event.confirmed'/><gd:where valueString=''/><gd:who email='yoshifumi0521@gmail.com' rel='http://schemas.google.com/g/2005#event.organizer' valueString='yoshifumi0521@gmail.com'/><gd:when endTime='2012-08-21' startTime='2012-08-20'><gd:reminder method='email' minutes='10'/><gd:reminder method='alert' minutes='10'/></gd:when><gd:transparency value='http://schemas.google.com/g/2005#event.transparent'/><gd:visibility value='http://schemas.google.com/g/2005#event.default'/><gCal:anyoneCanAddSelf value='false'/><gCal:guestsCanInviteOthers value='true'/><gCal:guestsCanModify value='false'/><gCal:guestsCanSeeGuests value='true'/><gCal:sequence value='0'/><gCal:uid value='844gt85b13pf7bohkrglft7ndo@google.com'/></entry><entry><id>http://www.google.com/calendar/feeds/default/private/full/bsq0eo035tvvh15t6kp6n9dmf4</id><published>2012-07-31T12:56:59.000Z</published><updated>2012-07-31T12:56:59.000Z</updated><category scheme='http://schemas.google.com/g/2005#kind' term='http://schemas.google.com/g/2005#event'/><title type='text'>\xE3\x82\xAC\xE3\x83\xAC\xE3\x83\xBC\xE3\x82\xB8\xE3\x81\xAE\xE8\xBE\xBB\xE4\xBA\x95\xE3\x81\x95\xE3\x82\x93\xE3\x81\xA8\xE3\x81\xAE\xE3\x83\x9F\xE3\x83\xBC\xE3\x83\x86</title><content type='text'/><link rel='alternate' type='text/html' href='https://www.google.com/calendar/event?eid=YnNxMGVvMDM1dHZ2aDE1dDZrcDZuOWRtZjQgeW9zaGlmdW1pMDUyMUBt' title='alternate'/><link rel='self' type='application/atom+xml' href='https://www.google.com/calendar/feeds/default/private/full/bsq0eo035tvvh15t6kp6n9dmf4'/><link rel='edit' type='application/atom+xml' href='https://www.google.com/calendar/feeds/default/private/full/bsq0eo035tvvh15t6kp6n9dmf4/63479422619'/><author><name>\xE4\xBD\x90\xE8\x97\xA4\xE4\xBD\xB3\xE6\x96\x87</name><email>yoshifumi0521@gmail.com</email></author><gd:comments><gd:feedLink href='https://www.google.com/calendar/feeds/default/private/full/bsq0eo035tvvh15t6kp6n9dmf4/comments'/></gd:comments><gd:eventStatus value='http://schemas.google.com/g/2005#event.confirmed'/><gd:where valueString=''/><gd:who email='yoshifumi0521@gmail.com' rel='http://schemas.google.com/g/2005#event.organizer' valueString='yoshifumi0521@gmail.com'/><gd:when endTime='2012-08-01T18:30:00.000+09:00' startTime='2012-08-01T17:00:00.000+09:00'><gd:reminder method='email' minutes='10'/><gd:reminder method='alert' minutes='10'/></gd:when><gd:transparency value='http://schemas.google.com/g/2005#event.opaque'/><gd:visibility value='http://schemas.google.com/g/2005#event.default'/><gCal:anyoneCanAddSelf value='false'/><gCal:guestsCanInviteOthers value='true'/><gCal:guestsCanModify value='false'/><gCal:guestsCanSeeGuests value='true'/><gCal:sequence value='0'/><gCal:uid value='bsq0eo035tvvh15t6kp6n9dmf4@google.com'/></entry><entry><id>http://www.google.com/calendar/feeds/default/private/full/2ftsfnsntnkrfk4p0haqef5i40</id><published>2012-07-27T07:34:31.000Z</published><updated>2012-07-27T07:34:46.000Z</updated><category scheme='http://schemas.google.com/g/2005#kind' term='http://schemas.google.com/g/2005#event'/><title type='text'>\xE3\x82\xB5\xE3\x82\xA4\xE3\x83\x90\xE3\x83\xBC\xE3\x81\xAE\xE5\x8B\x89\xE5\xBC\xB7\xE4\xBC\x9A</title><content type='text'>http://atnd.org/events/31076</content><link rel='alternate' type='text/html' href='https://www.google.com/calendar/event?eid=MmZ0c2Zuc250bmtyZms0cDBoYXFlZjVpNDAgeW9zaGlmdW1pMDUyMUBt' title='alternate'/><link rel='self' type='application/atom+xml' href='https://www.google.com/calendar/feeds/default/private/full/2ftsfnsntnkrfk4p0haqef5i40'/><link rel='edit' type='application/atom+xml' href='https://www.google.com/calendar/feeds/default/private/full/2ftsfnsntnkrfk4p0haqef5i40/63479057686'/><author><name>\xE4\xBD\x90\xE8\x97\xA4\xE4\xBD\xB3\xE6\x96\x87</name><email>yoshifumi0521@gmail.com</email></author><gd:comments><gd:feedLink href='https://www.google.com/calendar/feeds/default/private/full/2ftsfnsntnkrfk4p0haqef5i40/comments'/></gd:comments><gd:eventStatus value='http://schemas.google.com/g/2005#event.confirmed'/><gd:where valueString='\xE3\x82\xB5\xE3\x82\xA4\xE3\x83\x90\xE3\x83\xBC\xE3\x82\xA8\xE3\x83\xBC\xE3\x82\xB8\xE3\x82\xA7\xE3\x83\xB3\xE3\x83\x88'/><gd:who email='yoshifumi0521@gmail.com' rel='http://schemas.google.com/g/2005#event.organizer' valueString='yoshifumi0521@gmail.com'/><gd:when endTime='2012-08-08T21:00:00.000+09:00' startTime='2012-08-08T19:00:00.000+09:00'><gd:reminder method='email' minutes='10'/><gd:reminder method='alert' minutes='10'/></gd:when><gd:transparency value='http://schemas.google.com/g/2005#event.opaque'/><gd:visibility value='http://schemas.google.com/g/2005#event.default'/><gCal:anyoneCanAddSelf value='false'/><gCal:guestsCanInviteOthers value='true'/><gCal:guestsCanModify value='false'/><gCal:guestsCanSeeGuests value='true'/><gCal:sequence value='0'/><gCal:uid value='2ftsfnsntnkrfk4p0haqef5i40@google.com'/></entry><entry><id>http://www.google.com/calendar/feeds/default/private/full/k8vosqbt7i16uj50cumcqsh8a0</id><published>2012-07-27T07:33:50.000Z</published><updated>2012-07-27T07:33:50.000Z</updated><category scheme='http://schemas.google.com/g/2005#kind' term='http://schemas.google.com/g/2005#event'/><title type='text'>\xE9\x9B\xBB\xE9\x80\x9A\xE3\x81\xAE\xE3\x82\xA4\xE3\x83\xB3\xE3\x82\xBF\xE3\x83\xBC\xE3\x83\xB3\xE3\x81\xAE\xE6\x9C\x80\xE7\xB5\x82\xE9\x9D\xA2\xE6\x8E\xA5</title><content type='text'/><link rel='alternate' type='text/html' href='https://www.google.com/calendar/event?eid=azh2b3NxYnQ3aTE2dWo1MGN1bWNxc2g4YTAgeW9zaGlmdW1pMDUyMUBt' title='alternate'/><link rel='self' type='application/atom+xml' href='https://www.google.com/calendar/feeds/default/private/full/k8vosqbt7i16uj50cumcqsh8a0'/><link rel='edit' type='application/atom+xml' href='https://www.google.com/calendar/feeds/default/private/full/k8vosqbt7i16uj50cumcqsh8a0/63479057630'/><author><name>\xE4\xBD\x90\xE8\x97\xA4\xE4\xBD\xB3\xE6\x96\x87</name><email>yoshifumi0521@gmail.com</email></author><gd:comments><gd:feedLink href='https://www.google.com/calendar/feeds/default/private/full/k8vosqbt7i16uj50cumcqsh8a0/comments'/></gd:comments><gd:eventStatus value='http://schemas.google.com/g/2005#event.confirmed'/><gd:where valueString=''/><gd:who email='yoshifumi0521@gmail.com' rel='http://schemas.google.com/g/2005#event.organizer' valueString='yoshifumi0521@gmail.com'/><gd:when endTime='2012-08-09T13:00:00.000+09:00' startTime='2012-08-09T11:00:00.000+09:00'><gd:reminder method='email' minutes='10'/><gd:reminder method='alert' minutes='10'/></gd:when><gd:transparency value='http://schemas.google.com/g/2005#event.opaque'/><gd:visibility value='http://schemas.google.com/g/2005#event.default'/><gCal:anyoneCanAddSelf value='false'/><gCal:guestsCanInviteOthers value='true'/><gCal:guestsCanModify value='false'/><gCal:guestsCanSeeGuests value='true'/><gCal:sequence value='0'/><gCal:uid value='k8vosqbt7i16uj50cumcqsh8a0@google.com'/></entry><entry><id>http://www.google.com/calendar/feeds/default/private/full/cqul4cg5nv5imhnbs06g7dmv80</id><published>2012-07-27T07:33:29.000Z</published><updated>2012-07-27T07:33:29.000Z</updated><category scheme='http://schemas.google.com/g/2005#kind' term='http://schemas.google.com/g/2005#event'/><title type='text'>\xE3\x80\x90HTML5/CSS/JavaScript\xE3\x80\x91PhoneGap-UserGroup \xE7\xAC\xAC\xE4\xB8\x80\xE5\x9B\x9E\xE5\x8B\x89\xE5\xBC\xB7\xE4\xBC\x9A PhoneGap\xE5\x85\xA5\xE9\x96\x80</title><content type='text'>PhoneGap\xE3\x81\xAE\xE5\x8B\x89\xE5\xBC\xB7\xE4\xBC\x9A\nhttp://atnd.org/events/30536</content><link rel='alternate' type='text/html' href='https://www.google.com/calendar/event?eid=Y3F1bDRjZzVudjVpbWhuYnMwNmc3ZG12ODAgeW9zaGlmdW1pMDUyMUBt' title='alternate'/><link rel='self' type='application/atom+xml' href='https://www.google.com/calendar/feeds/default/private/full/cqul4cg5nv5imhnbs06g7dmv80'/><link rel='edit' type='application/atom+xml' href='https://www.google.com/calendar/feeds/default/private/full/cqul4cg5nv5imhnbs06g7dmv80/63479057609'/><author><name>\xE4\xBD\x90\xE8\x97\xA4\xE4\xBD\xB3\xE6\x96\x87</name><email>yoshifumi0521@gmail.com</email></author><gd:comments><gd:feedLink href='https://www.google.com/calendar/feeds/default/private/full/cqul4cg5nv5imhnbs06g7dmv80/comments'/></gd:comments><gd:eventStatus value='http://schemas.google.com/g/2005#event.confirmed'/><gd:where valueString='\xE5\xA4\xA7\xE5\xB4\x8E'/><gd:who email='yoshifumi0521@gmail.com' rel='http://schemas.google.com/g/2005#event.organizer' valueString='yoshifumi0521@gmail.com'/><gd:when endTime='2012-08-02T21:00:00.000+09:00' startTime='2012-08-02T19:00:00.000+09:00'><gd:reminder method='email' minutes='10'/><gd:reminder method='alert' minutes='10'/></gd:when><gd:transparency value='http://schemas.google.com/g/2005#event.opaque'/><gd:visibility value='http://schemas.google.com/g/2005#event.default'/><gCal:anyoneCanAddSelf value='false'/><gCal:guestsCanInviteOthers value='true'/><gCal:guestsCanModify value='false'/><gCal:guestsCanSeeGuests value='true'/><gCal:sequence value='0'/><gCal:uid value='cqul4cg5nv5imhnbs06g7dmv80@google.com'/></entry><entry><id>http://www.google.com/calendar/feeds/default/private/full/1upis15l0oi5eftdqfvl697vb4</id><published>2012-07-27T07:31:42.000Z</published><updated>2012-07-27T07:31:42.000Z</updated><category scheme='http://schemas.google.com/g/2005#kind' term='http://schemas.google.com/g/2005#event'/><title type='text'>\xE3\x83\x95\xE3\x82\xA3\xE3\x83\xBC\xE3\x83\x89\xE3\x83\x95\xE3\x82\xA9\xE3\x83\xBC\xE3\x82\xB9</title><content type='text'/><link rel='alternate' type='text/html' href='https://www.google.com/calendar/event?eid=MXVwaXMxNWwwb2k1ZWZ0ZHFmdmw2OTd2YjQgeW9zaGlmdW1pMDUyMUBt' title='alternate'/><link rel='self' type='application/atom+xml' href='https://www.google.com/calendar/feeds/default/private/full/1upis15l0oi5eftdqfvl697vb4'/><link rel='edit' type='application/atom+xml' href='https://www.google.com/calendar/feeds/default/private/full/1upis15l0oi5eftdqfvl697vb4/63479057502'/><author><name>\xE4\xBD\x90\xE8\x97\xA4\xE4\xBD\xB3\xE6\x96\x87</name><email>yoshifumi0521@gmail.com</email></author><gd:comments><gd:feedLink href='https://www.google.com/calendar/feeds/default/private/full/1upis15l0oi5eftdqfvl697vb4/comments'/></gd:comments><gd:eventStatus value='http://schemas.google.com/g/2005#event.confirmed'/><gd:where valueString=''/><gd:who email='yoshifumi0521@gmail.com' rel='http://schemas.google.com/g/2005#event.organizer' valueString='yoshifumi0521@gmail.com'/><gd:when endTime='2012-08-03T18:00:00.000+09:00' startTime='2012-08-03T10:00:00.000+09:00'><gd:reminder method='email' minutes='10'/><gd:reminder method='alert' minutes='10'/></gd:when><gd:transparency value='http://schemas.google.com/g/2005#event.opaque'/><gd:visibility value='http://schemas.google.com/g/2005#event.default'/><gCal:anyoneCanAddSelf value='false'/><gCal:guestsCanInviteOthers value='true'/><gCal:guestsCanModify value='false'/><gCal:guestsCanSeeGuests value='true'/><gCal:sequence value='0'/><gCal:uid value='1upis15l0oi5eftdqfvl697vb4@google.com'/></entry><entry><id>http://www.google.com/calendar/feeds/default/private/full/e05ota2nuqp83bi529lddc3c20</id><published>2012-07-27T07:31:32.000Z</published><updated>2012-07-27T07:31:32.000Z</updated><category scheme='http://schemas.google.com/g/2005#kind' term='http://schemas.google.com/g/2005#event'/><title type='text'>\xE3\x83\x95\xE3\x82\xA3\xE3\x83\xBC\xE3\x83\x89\xE3\x83\x95\xE3\x82\xA9\xE3\x83\xBC\xE3\x82\xB9</title><content type='text'/><link rel='alternate' type='text/html' href='https://www.google.com/calendar/event?eid=ZTA1b3RhMm51cXA4M2JpNTI5bGRkYzNjMjAgeW9zaGlmdW1pMDUyMUBt' title='alternate'/><link rel='self' type='application/atom+xml' href='https://www.google.com/calendar/feeds/default/private/full/e05ota2nuqp83bi529lddc3c20'/><link rel='edit' type='application/atom+xml' href='https://www.google.com/calendar/feeds/default/private/full/e05ota2nuqp83bi529lddc3c20/63479057492'/><author><name>\xE4\xBD\x90\xE8\x97\xA4\xE4\xBD\xB3\xE6\x96\x87</name><email>yoshifumi0521@gmail.com</email></author><gd:comments><gd:feedLink href='https://www.google.com/calendar/feeds/default/private/full/e05ota2nuqp83bi529lddc3c20/comments'/></gd:comments><gd:eventStatus value='http://schemas.google.com/g/2005#event.confirmed'/><gd:where valueString=''/><gd:who email='yoshifumi0521@gmail.com' rel='http://schemas.google.com/g/2005#event.organizer' valueString='yoshifumi0521@gmail.com'/><gd:when endTime='2012-07-31T18:00:00.000+09:00' startTime='2012-07-31T10:00:00.000+09:00'><gd:reminder method='email' minutes='10'/><gd:reminder method='alert' minutes='10'/></gd:when><gd:transparency value='http://schemas.google.com/g/2005#event.opaque'/><gd:visibility value='http://schemas.google.com/g/2005#event.default'/><gCal:anyoneCanAddSelf value='false'/><gCal:guestsCanInviteOthers value='true'/><gCal:guestsCanModify value='false'/><gCal:guestsCanSeeGuests value='true'/><gCal:sequence value='0'/><gCal:uid value='e05ota2nuqp83bi529lddc3c20@google.com'/></entry><entry><id>http://www.google.com/calendar/feeds/default/private/full/niun0s8v8di3467q9937ncep94</id><published>2012-07-27T07:31:24.000Z</published><updated>2012-07-27T07:31:24.000Z</updated><category scheme='http://schemas.google.com/g/2005#kind' term='http://schemas.google.com/g/2005#event'/><title type='text'>\xE3\x83\x95\xE3\x82\xA3\xE3\x83\xBC\xE3\x83\x89\xE3\x83\x95\xE3\x82\xA9\xE3\x83\xBC\xE3\x82\xB9</title><content type='text'/><link rel='alternate' type='text/html' href='https://www.google.com/calendar/event?eid=bml1bjBzOHY4ZGkzNDY3cTk5MzduY2VwOTQgeW9zaGlmdW1pMDUyMUBt' title='alternate'/><link rel='self' type='application/atom+xml' href='https://www.google.com/calendar/feeds/default/private/full/niun0s8v8di3467q9937ncep94'/><link rel='edit' type='application/atom+xml' href='https://www.google.com/calendar/feeds/default/private/full/niun0s8v8di3467q9937ncep94/63479057484'/><author><name>\xE4\xBD\x90\xE8\x97\xA4\xE4\xBD\xB3\xE6\x96\x87</name><email>yoshifumi0521@gmail.com</email></author><gd:comments><gd:feedLink href='https://www.google.com/calendar/feeds/default/private/full/niun0s8v8di3467q9937ncep94/comments'/></gd:comments><gd:eventStatus value='http://schemas.google.com/g/2005#event.confirmed'/><gd:where valueString=''/><gd:who email='yoshifumi0521@gmail.com' rel='http://schemas.google.com/g/2005#event.organizer' valueString='yoshifumi0521@gmail.com'/><gd:when endTime='2012-07-30T18:00:00.000+09:00' startTime='2012-07-30T10:00:00.000+09:00'><gd:reminder method='email' minutes='10'/><gd:reminder method='alert' minutes='10'/></gd:when><gd:transparency value='http://schemas.google.com/g/2005#event.opaque'/><gd:visibility value='http://schemas.google.com/g/2005#event.default'/><gCal:anyoneCanAddSelf value='false'/><gCal:guestsCanInviteOthers value='true'/><gCal:guestsCanModify value='false'/><gCal:guestsCanSeeGuests value='true'/><gCal:sequence value='0'/><gCal:uid value='niun0s8v8di3467q9937ncep94@google.com'/></entry><entry><id>http://www.google.com/calendar/feeds/default/private/full/k3rode0ec385nqinb64ivj0sh0</id><published>2012-05-16T10:43:23.000Z</published><updated>2012-05-16T10:43:23.000Z</updated><category scheme='http://schemas.google.com/g/2005#kind' term='http://schemas.google.com/g/2005#event'/><title type='text'>\xE3\x83\x95\xE3\x82\xA3\xE3\x83\xBC\xE3\x83\x89\xE3\x83\x95\xE3\x82\xA9\xE3\x83\xBC\xE3\x82\xB9</title><content type='text'/><link rel='alternate' type='text/html' href='https://www.google.com/calendar/event?eid=azNyb2RlMGVjMzg1bnFpbmI2NGl2ajBzaDAgeW9zaGlmdW1pMDUyMUBt' title='alternate'/><link rel='self' type='application/atom+xml' href='https://www.google.com/calendar/feeds/default/private/full/k3rode0ec385nqinb64ivj0sh0'/><link rel='edit' type='application/atom+xml' href='https://www.google.com/calendar/feeds/default/private/full/k3rode0ec385nqinb64ivj0sh0/63472848203'/><author><name>\xE4\xBD\x90\xE8\x97\xA4\xE4\xBD\xB3\xE6\x96\x87</name><email>yoshifumi0521@gmail.com</email></author><gd:comments><gd:feedLink href='https://www.google.com/calendar/feeds/default/private/full/k3rode0ec385nqinb64ivj0sh0/comments'/></gd:comments><gd:eventStatus value='http://schemas.google.com/g/2005#event.confirmed'/><gd:where valueString=''/><gd:who email='yoshifumi0521@gmail.com' rel='http://schemas.google.com/g/2005#event.organizer' valueString='yoshifumi0521@gmail.com'/><gd:when endTime='2012-05-22T13:30:00.000+09:00' startTime='2012-05-22T11:00:00.000+09:00'><gd:reminder method='email' minutes='10'/><gd:reminder method='alert' minutes='10'/></gd:when><gd:transparency value='http://schemas.google.com/g/2005#event.opaque'/><gd:visibility value='http://schemas.google.com/g/2005#event.default'/><gCal:anyoneCanAddSelf value='false'/><gCal:guestsCanInviteOthers value='true'/><gCal:guestsCanModify value='false'/><gCal:guestsCanSeeGuests value='true'/><gCal:sequence value='0'/><gCal:uid value='k3rode0ec385nqinb64ivj0sh0@google.com'/></entry><entry><id>http://www.google.com/calendar/feeds/default/private/full/h0b7ec5cnvvpdai5fvqojbffe4</id><published>2012-05-13T09:42:00.000Z</published><updated>2012-05-13T09:42:00.000Z</updated><category scheme='http://schemas.google.com/g/2005#kind' term='http://schemas.google.com/g/2005#event'/><title type='text'>\xE3\x83\x95\xE3\x82\xA3\xE3\x83\xBC\xE3\x83\x89\xE3\x83\x95\xE3\x82\xA9\xE3\x83\xBC\xE3\x82\xB9</title><content type='text'/><link rel='alternate' type='text/html' href='https://www.google.com/calendar/event?eid=aDBiN2VjNWNudnZwZGFpNWZ2cW9qYmZmZTQgeW9zaGlmdW1pMDUyMUBt' title='alternate'/><link rel='self' type='application/atom+xml' href='https://www.google.com/calendar/feeds/default/private/full/h0b7ec5cnvvpdai5fvqojbffe4'/><link rel='edit' type='application/atom+xml' href='https://www.google.com/calendar/feeds/default/private/full/h0b7ec5cnvvpdai5fvqojbffe4/63472585320'/><author><name>\xE4\xBD\x90\xE8\x97\xA4\xE4\xBD\xB3\xE6\x96\x87</name><email>yoshifumi0521@gmail.com</email></author><gd:comments><gd:feedLink href='https://www.google.com/calendar/feeds/default/private/full/h0b7ec5cnvvpdai5fvqojbffe4/comments'/></gd:comments><gd:eventStatus value='http://schemas.google.com/g/2005#event.confirmed'/><gd:where valueString=''/><gd:who email='yoshifumi0521@gmail.com' rel='http://schemas.google.com/g/2005#event.organizer' valueString='yoshifumi0521@gmail.com'/><gd:when endTime='2012-05-17T17:00:00.000+09:00' startTime='2012-05-17T15:00:00.000+09:00'><gd:reminder method='email' minutes='10'/><gd:reminder method='alert' minutes='10'/></gd:when><gd:transparency value='http://schemas.google.com/g/2005#event.opaque'/><gd:visibility value='http://schemas.google.com/g/2005#event.default'/><gCal:anyoneCanAddSelf value='false'/><gCal:guestsCanInviteOthers value='true'/><gCal:guestsCanModify value='false'/><gCal:guestsCanSeeGuests value='true'/><gCal:sequence value='0'/><gCal:uid value='h0b7ec5cnvvpdai5fvqojbffe4@google.com'/></entry><entry><id>http://www.google.com/calendar/feeds/default/private/full/mfmp75hgjo00gn66ovctgfl3os</id><published>2012-05-13T09:40:39.000Z</published><updated>2012-05-13T09:40:39.000Z</updated><category scheme='http://schemas.google.com/g/2005#kind' term='http://schemas.google.com/g/2005#event'/><title type='text'>\xE3\x83\x9E\xE3\x82\xA4\xE3\x83\x8A\xE3\x83\x93\xE3\x83\x8B\xE3\x83\xA5\xE3\x83\xBC\xE3\x82\xB9</title><content type='text'/><link rel='alternate' type='text/html' href='https://www.google.com/calendar/event?eid=bWZtcDc1aGdqbzAwZ242Nm92Y3RnZmwzb3MgeW9zaGlmdW1pMDUyMUBt' title='alternate'/><link rel='self' type='application/atom+xml' href='https://www.google.com/calendar/feeds/default/private/full/mfmp75hgjo00gn66ovctgfl3os'/><link rel='edit' type='application/atom+xml' href='https://www.google.com/calendar/feeds/default/private/full/mfmp75hgjo00gn66ovctgfl3os/63472585239'/><author><name>\xE4\xBD\x90\xE8\x97\xA4\xE4\xBD\xB3\xE6\x96\x87</name><email>yoshifumi0521@gmail.com</email></author><gd:comments><gd:feedLink href='https://www.google.com/calendar/feeds/default/private/full/mfmp75hgjo00gn66ovctgfl3os/comments'/></gd:comments><gd:eventStatus value='http://schemas.google.com/g/2005#event.confirmed'/><gd:where valueString=''/><gd:who email='yoshifumi0521@gmail.com' rel='http://schemas.google.com/g/2005#event.organizer' valueString='yoshifumi0521@gmail.com'/><gd:when endTime='2012-05-14T13:00:00.000+09:00' startTime='2012-05-14T11:00:00.000+09:00'><gd:reminder method='email' minutes='10'/><gd:reminder method='alert' minutes='10'/></gd:when><gd:transparency value='http://schemas.google.com/g/2005#event.opaque'/><gd:visibility value='http://schemas.google.com/g/2005#event.default'/><gCal:anyoneCanAddSelf value='false'/><gCal:guestsCanInviteOthers value='true'/><gCal:guestsCanModify value='false'/><gCal:guestsCanSeeGuests value='true'/><gCal:sequence value='0'/><gCal:uid value='mfmp75hgjo00gn66ovctgfl3os@google.com'/></entry><entry><id>http://www.google.com/calendar/feeds/default/private/full/l094kge7q89nlic9s4ma0aj29g</id><published>2012-05-05T06:39:46.000Z</published><updated>2012-05-05T06:39:46.000Z</updated><category scheme='http://schemas.google.com/g/2005#kind' term='http://schemas.google.com/g/2005#event'/><title type='text'>\xE5\x8A\xA9\xE7\x94\xB0\xE3\x81\x95\xE3\x82\x93\xE3\x81\xAE\xE3\x82\xA4\xE3\x83\xB3\xE3\x82\xBF\xE3\x83\x93\xE3\x83\xA5\xE3\x83\xBC</title><content type='text'/><link rel='alternate' type='text/html' href='https://www.google.com/calendar/event?eid=bDA5NGtnZTdxODlubGljOXM0bWEwYWoyOWcgeW9zaGlmdW1pMDUyMUBt' title='alternate'/><link rel='self' type='application/atom+xml' href='https://www.google.com/calendar/feeds/default/private/full/l094kge7q89nlic9s4ma0aj29g'/><link rel='edit' type='application/atom+xml' href='https://www.google.com/calendar/feeds/default/private/full/l094kge7q89nlic9s4ma0aj29g/63471883186'/><author><name>\xE4\xBD\x90\xE8\x97\xA4\xE4\xBD\xB3\xE6\x96\x87</name><email>yoshifumi0521@gmail.com</email></author><gd:comments><gd:feedLink href='https://www.google.com/calendar/feeds/default/private/full/l094kge7q89nlic9s4ma0aj29g/comments'/></gd:comments><gd:eventStatus value='http://schemas.google.com/g/2005#event.confirmed'/><gd:where valueString=''/><gd:who email='yoshifumi0521@gmail.com' rel='http://schemas.google.com/g/2005#event.organizer' valueString='yoshifumi0521@gmail.com'/><gd:when endTime='2012-05-14T18:30:00.000+09:00' startTime='2012-05-14T15:30:00.000+09:00'><gd:reminder method='email' minutes='10'/><gd:reminder method='alert' minutes='10'/></gd:when><gd:transparency value='http://schemas.google.com/g/2005#event.opaque'/><gd:visibility value='http://schemas.google.com/g/2005#event.default'/><gCal:anyoneCanAddSelf value='false'/><gCal:guestsCanInviteOthers value='true'/><gCal:guestsCanModify value='false'/><gCal:guestsCanSeeGuests value='true'/><gCal:sequence value='0'/><gCal:uid value='l094kge7q89nlic9s4ma0aj29g@google.com'/></entry><entry><id>http://www.google.com/calendar/feeds/default/private/full/nohrrj12c2quoc3tlrstkg7fhk</id><published>2012-05-05T06:38:21.000Z</published><updated>2012-05-05T06:38:21.000Z</updated><category scheme='http://schemas.google.com/g/2005#kind' term='http://schemas.google.com/g/2005#event'/><title type='text'>\xE3\x82\xAC\xE3\x83\xA9\xE3\x83\x9D\xE3\x83\xB3</title><content type='text'/><link rel='alternate' type='text/html' href='https://www.google.com/calendar/event?eid=bm9ocnJqMTJjMnF1b2MzdGxyc3RrZzdmaGsgeW9zaGlmdW1pMDUyMUBt' title='alternate'/><link rel='self' type='application/atom+xml' href='https://www.google.com/calendar/feeds/default/private/full/nohrrj12c2quoc3tlrstkg7fhk'/><link rel='edit' type='application/atom+xml' href='https://www.google.com/calendar/feeds/default/private/full/nohrrj12c2quoc3tlrstkg7fhk/63471883101'/><author><name>\xE4\xBD\x90\xE8\x97\xA4\xE4\xBD\xB3\xE6\x96\x87</name><email>yoshifumi0521@gmail.com</email></author><gd:comments><gd:feedLink href='https://www.google.com/calendar/feeds/default/private/full/nohrrj12c2quoc3tlrstkg7fhk/comments'/></gd:comments><gd:eventStatus value='http://schemas.google.com/g/2005#event.confirmed'/><gd:where valueString=''/><gd:who email='yoshifumi0521@gmail.com' rel='http://schemas.google.com/g/2005#event.organizer' valueString='yoshifumi0521@gmail.com'/><gd:when endTime='2012-05-08T13:30:00.000+09:00' startTime='2012-05-08T11:30:00.000+09:00'><gd:reminder method='email' minutes='10'/><gd:reminder method='alert' minutes='10'/></gd:when><gd:transparency value='http://schemas.google.com/g/2005#event.opaque'/><gd:visibility value='http://schemas.google.com/g/2005#event.default'/><gCal:anyoneCanAddSelf value='false'/><gCal:guestsCanInviteOthers value='true'/><gCal:guestsCanModify value='false'/><gCal:guestsCanSeeGuests value='true'/><gCal:sequence value='0'/><gCal:uid value='nohrrj12c2quoc3tlrstkg7fhk@google.com'/></entry><entry><id>http://www.google.com/calendar/feeds/default/private/full/6i55ik2fs007sc8q8mi3tgsi9k</id><published>2012-03-11T02:18:11.000Z</published><updated>2012-03-11T02:19:37.000Z</updated><category scheme='http://schemas.google.com/g/2005#kind' term='http://schemas.google.com/g/2005#event'/><title type='text'>\xE5\x9B\x9B\xE5\x9B\xBD\xE3\x80\x80\xE7\xB5\x90\xE5\xA9\x9A\xE5\xBC\x8F</title><content type='text'/><link rel='alternate' type='text/html' href='https://www.google.com/calendar/event?eid=Nmk1NWlrMmZzMDA3c2M4cThtaTN0Z3NpOWsgeW9zaGlmdW1pMDUyMUBt' title='alternate'/><link rel='self' type='application/atom+xml' href='https://www.google.com/calendar/feeds/default/private/full/6i55ik2fs007sc8q8mi3tgsi9k'/><link rel='edit' type='application/atom+xml' href='https://www.google.com/calendar/feeds/default/private/full/6i55ik2fs007sc8q8mi3tgsi9k/63467115577'/><author><name>\xE4\xBD\x90\xE8\x97\xA4\xE4\xBD\xB3\xE6\x96\x87</name><email>yoshifumi0521@gmail.com</email></author><gd:comments><gd:feedLink href='https://www.google.com/calendar/feeds/default/private/full/6i55ik2fs007sc8q8mi3tgsi9k/comments'/></gd:comments><gd:eventStatus value='http://schemas.google.com/g/2005#event.confirmed'/><gd:where valueString=''/><gd:who email='yoshifumi0521@gmail.com' rel='http://schemas.google.com/g/2005#event.organizer' valueString='yoshifumi0521@gmail.com'/><gd:when endTime='2012-03-25T21:00:00.000+09:00' startTime='2012-03-25T09:30:00.000+09:00'><gd:reminder method='email' minutes='10'/><gd:reminder method='alert' minutes='10'/></gd:when><gd:transparency value='http://schemas.google.com/g/2005#event.opaque'/><gd:visibility value='http://schemas.google.com/g/2005#event.default'/><gCal:anyoneCanAddSelf value='false'/><gCal:guestsCanInviteOthers value='true'/><gCal:guestsCanModify value='false'/><gCal:guestsCanSeeGuests value='true'/><gCal:sequence value='0'/><gCal:uid value='6i55ik2fs007sc8q8mi3tgsi9k@google.com'/></entry></feed>"
  Rendered oauth/callback.html.erb within layouts/application (0.0ms)
Completed 200 OK in 4124ms (Views: 5.1ms | ActiveRecord: 0.0ms)


Started GET "/assets/oauth.css?body=1" for 127.0.0.1 at 2012-11-01 03:18:01 +0900
Served asset /oauth.css - 304 Not Modified (0ms)


Started GET "/assets/oauth.js?body=1" for 127.0.0.1 at 2012-11-01 03:18:01 +0900
Served asset /oauth.js - 304 Not Modified (0ms)


Started GET "/assets/application.css?body=1" for 127.0.0.1 at 2012-11-01 03:18:01 +0900
Served asset /application.css - 304 Not Modified (0ms)


Started GET "/assets/jquery_ujs.js?body=1" for 127.0.0.1 at 2012-11-01 03:18:01 +0900
Served asset /jquery_ujs.js - 304 Not Modified (0ms)


Started GET "/assets/jquery.js?body=1" for 127.0.0.1 at 2012-11-01 03:18:01 +0900
Served asset /jquery.js - 304 Not Modified (0ms)


Started GET "/assets/application.js?body=1" for 127.0.0.1 at 2012-11-01 03:18:01 +0900
Served asset /application.js - 304 Not Modified (0ms)


Started GET "/oauth/callback?token=1%2FA0fKJQKeuZOvcPyU0faCJ4DAInPn4XOWtxAXeUa8Mt4" for 127.0.0.1 at 2012-11-01 03:28:18 +0900
Processing by OauthController#callback as HTML
  Parameters: {"token"=>"1/A0fKJQKeuZOvcPyU0faCJ4DAInPn4XOWtxAXeUa8Mt4"}
Completed 500 Internal Server Error in 2124ms

URI::InvalidURIError (bad URI(is not URI?): https://www.google.com/calendar/feeds/default/private/full?max-results=1`):
  app/controllers/libraries/google_auth_sub.rb:85:in `googleHttpGet'
  app/controllers/oauth_controller.rb:28:in `callback'


  Rendered /usr/local/rvm/gems/ruby-1.9.3-p125/gems/actionpack-3.2.6/lib/action_dispatch/middleware/templates/rescues/_trace.erb (2.4ms)
  Rendered /usr/local/rvm/gems/ruby-1.9.3-p125/gems/actionpack-3.2.6/lib/action_dispatch/middleware/templates/rescues/_request_and_response.erb (1.1ms)
  Rendered /usr/local/rvm/gems/ruby-1.9.3-p125/gems/actionpack-3.2.6/lib/action_dispatch/middleware/templates/rescues/diagnostics.erb within rescues/layout (10.5ms)
